=======================================================================================================================================
============================================================= GRSS v4.5.4 =============================================================
=======================================================================================================================================
                                                     Wed Apr 29 2026 20:43:34 UTC                                                     

---------------------------------------------------------------2024PDC25---------------------------------------------------------------
---------------------------------------------------------------------------------------------------------------------------------------
Observation data arc from 2024-06-05T00:00:00.00Z to 2028-04-12T20:16:03.68Z [UTC] (1407.84 days, 3.85 years)
390 observations (390 optical, 0 delay, 0 doppler)
DE kernel version: 440

---------------------------------------------------------Initial Nominal State---------------------------------------------------------
---------------------------------------------------------------------------------------------------------------------------------------
T: 2025-11-23 00:00:00.000 (61002.00000000 MJD) [TDB]
E: 0.39039777290 ± 0.00000001610 
Q: 1.00591882452 ± 0.00000002799 AU
TP: 61214.63687333371 ± 0.00000203626 MJD [TDB]
OM: 214.41707050689 ± 0.00001554710 deg
W: 359.94136952221 ± 0.00001467417 deg
I: 10.68653275800 ± 0.00000050518 deg
A2: 1.00424756743e-13 ± 3.28755772253e-14 AU/day^2 (a priori: 1.00000000000e-13 ± 3.30000000000e-14 AU/day^2)

Initial Covariance Matrix:
 2.59206967936e-16  -4.50178112611e-16   1.74896449712e-14   1.75594201449e-15  -1.20175048326e-15   4.72823483253e-17  -1.60695246524e-23
-4.50178112611e-16   7.83362518767e-16  -3.03045945919e-14  -2.97092088334e-15   2.00984793884e-15  -7.98318756894e-17   4.42354627965e-24
 1.74896449712e-14  -3.03045945919e-14   4.14635821902e-12   1.75037705475e-14   3.00932319015e-14   3.71748415078e-16  -3.50428811192e-20
 1.75594201449e-15  -2.97092088334e-15   1.75037705475e-14   7.36298272607e-14  -6.89426307244e-14   2.12257770593e-15   2.98962155841e-23
-1.20175048326e-15   2.00984793884e-15   3.00932319015e-14  -6.89426307244e-14   6.55936549096e-14  -1.99720909833e-15  -1.32278915669e-22
 4.72823483253e-17  -7.98318756894e-17   3.71748415078e-16   2.12257770593e-15  -1.99720909833e-15   7.77419625332e-17   9.04336710778e-25
-1.60695246524e-23   4.42354627965e-24  -3.50428811192e-20   2.98962155841e-23  -1.32278915669e-22   9.04336710778e-25   1.08080357790e-27

----------------------------------------------------------Final Nominal State----------------------------------------------------------
---------------------------------------------------------------------------------------------------------------------------------------
T: 2025-11-23 00:00:00.000 (61002.00000000 MJD) [TDB]
E: 0.39039777299 ± 0.00000001610 
Q: 1.00591882433 ± 0.00000002799 AU
TP: 61214.63687323935 ± 0.00000203635 MJD [TDB]
OM: 214.41707053257 ± 0.00001554728 deg
W: 359.94136942693 ± 0.00001467432 deg
I: 10.68653276513 ± 0.00000050519 deg
A2: 1.00435166226e-13 ± 3.28755770890e-14 AU/day^2 (a priori: 1.00000000000e-13 ± 3.30000000000e-14 AU/day^2)

Final Covariance Matrix:
 2.59223940874e-16  -4.50208510222e-16   1.74917387747e-14   1.75603928109e-15  -1.20180961382e-15   4.72849040656e-17  -1.60690232062e-23
-4.50208510222e-16   7.83417016251e-16  -3.03084282926e-14  -2.97108727871e-15   2.00994597166e-15  -7.98362602970e-17   4.42258675119e-24
 1.74917387747e-14  -3.03084282926e-14   4.14673922101e-12   1.75052261367e-14   3.00966947319e-14   3.71744804542e-16  -3.50428739569e-20
 1.75603928108e-15  -2.97108727871e-15   1.75052261366e-14   7.36314833997e-14  -6.89440720748e-14   2.12262681144e-15   2.98987212567e-23
-1.20180961382e-15   2.00994597165e-15   3.00966947319e-14  -6.89440720748e-14   6.55949696379e-14  -1.99725284770e-15  -1.32280307635e-22
 4.72849040656e-17  -7.98362602970e-17   3.71744804541e-16   2.12262681144e-15  -1.99725284770e-15   7.77441973076e-17   9.04405556884e-25
-1.60690232062e-23   4.42258675118e-24  -3.50428739569e-20   2.98987212568e-23  -1.32280307635e-22   9.04405556887e-25   1.08080356893e-27

------------------------------------------------------------Postfit Summary------------------------------------------------------------
---------------------------------------------------------------------------------------------------------------------------------------
|                             Observations                            |             Sigmas             |                                  Residuals                                  |
          Time [UTC]           Obs   RA[deg]/Del[s]  Dec[deg]/Dop[Hz]  RA[as]/Del[µs]  Dec[as]/Dop[Hz]  RA[as]/Del[µs] Dec[as]/Dop[Hz]     AT[as]          CT[as]         ATsec[s]    
A2028-04-12T20:16:03.68Z       S_C     212.234596       -8.836389          1.0000          1.0000        -19.7049330     -34.8204946     +7.1378514     +39.3675286      +0.0001861   
A2028-04-12T08:16:03.68Z       S_C     87.975492        +25.292972         1.0000          1.0000         -0.0191691     -0.0103439      -0.0196063      -0.0094892      -0.0011553   
A2028-04-06T02:24:00.00Z       500     76.456642        +13.671503         0.2000          0.2000         -0.0011916     -0.0001886      -0.0012065      -0.0000055      -0.0550203   
A2028-04-06T00:00:00.00Z       500     76.403137        +13.663503         0.2000          0.2000         +0.0061819     -0.0011039      +0.0059417      -0.0020324      +0.2711965   
A2028-03-30T02:24:00.00Z       500     72.831563        +13.080719         0.2000          0.2000         +0.0065475     -0.0031967      +0.0058706      -0.0043156      +0.2845404   
A2028-03-30T00:00:00.00Z       500     72.781571        +13.071864         0.2000          0.2000         +0.0019295     +0.0014804      +0.0021635      +0.0011108      +0.1049563   
A2028-03-23T02:24:00.00Z       500      69.4581         +12.437656         0.2000          0.2000         +0.0014134     +0.0046623      +0.0023395      +0.0042734      +0.1214338   
A2028-03-23T00:00:00.00Z       500     69.411783        +12.428167         0.2000          0.2000         -0.0026232     -0.0030144      -0.0031866      -0.0024111      -0.1655729   
A2028-03-16T02:24:00.00Z       500     66.346963        +11.758594         0.2000          0.2000         +0.0067507     -0.0051883      +0.0053704      -0.0066068      +0.3012270   
A2028-03-16T00:00:00.00Z       500     66.304467        +11.748714         0.2000          0.2000         +0.0075617     -0.0007559      +0.0071820      -0.0024841      +0.4033118   
A2028-03-09T02:24:00.00Z       500     63.508062        +11.059889         0.2000          0.2000         -0.0013685     -0.0005238      -0.0014570      -0.0001551      -0.0893123   
A2028-03-09T00:00:00.00Z       500     63.469533        +11.049842         0.2000          0.2000         -0.0015610     +0.0014325      -0.0011404      +0.0017855      -0.0700005   
A2028-03-02T02:24:00.00Z       500     60.955017        +10.357364         0.2000          0.2000         -0.0001461     +0.0029254      +0.0006891      +0.0028468      +0.0469651   
A2028-03-02T00:00:00.00Z       500     60.920721        +10.347383         0.2000          0.2000         +0.0087330     +0.0044924      +0.0096490      +0.0018285      +0.6586962   
A2028-02-24T02:24:00.00Z       500     58.710237        +9.668683          0.2000          0.2000         -0.0052375     +0.0029322      -0.0040591      +0.0044219      -0.3155799   
A2028-02-24T00:00:00.00Z       500     58.680529        +9.659042          0.2000          0.2000         +0.0067831     +0.0070572      +0.0086506      +0.0045804      +0.6739809   
A2028-02-17T02:24:00.00Z       500      56.79925        +9.013922          0.2000          0.2000         +0.0036660     +0.0060967      +0.0055460      +0.0044555      +0.5101170   
A2028-02-17T00:00:00.00Z       500     56.774496        +9.004914          0.2000          0.2000         +0.0102910     -0.0015694      +0.0091130      -0.0050319      +0.8405077   
A2028-02-10T02:24:00.00Z       500     55.248154        +8.414094          0.2000          0.2000         +0.0046191     -0.0012155      +0.0037890      -0.0029082      +0.4356742   
A2028-02-10T00:00:00.00Z       500     55.228738        +8.406025          0.2000          0.2000         +0.0004420     -0.0020725      -0.0003960      -0.0020817      -0.0457033   
A2028-02-03T02:24:00.00Z       500      54.08765         +7.8907           0.2000          0.2000         +0.0052029     -0.0003901      +0.0044665      -0.0026968      +0.7097652   
A2028-02-03T00:00:00.00Z       500     54.074088        +7.883894          0.2000          0.2000         -0.0013275     +0.0053911      +0.0012566      +0.0054080      +0.2008398   
A2028-01-27T02:24:00.00Z       500      53.3574         +7.468561          0.2000          0.2000         +0.0063381     -0.0017491      +0.0040932      -0.0051455      +1.1174112   
A2028-01-27T00:00:00.00Z       500     53.350283         +7.4634           0.2000          0.2000         +0.0083719     +0.0063114      +0.0104836      +0.0001305      +2.8922975   
A2028-01-20T02:24:00.00Z       500     53.096521        +7.175403          0.2000          0.2000         +0.0062289     +0.0045154      +0.0049278      -0.0059081      +3.7653840   
A2028-01-20T00:00:00.00Z       500     53.096358        +7.172286          0.2000          0.2000         +0.0036814     +0.0073930      +0.0075206      -0.0034131      +5.8155144   
A2028-01-13T02:24:00.00Z       500     53.336129        +7.038483          0.2000          0.2000         +0.0018484     +0.0063426      -0.0011939      -0.0064976      -0.4040049   
A2028-01-13T00:00:00.00Z       500     53.343292        +7.037781          0.2000          0.2000         -0.0008670     +0.0095064      +0.0017674      -0.0093808      +0.5896221   
A2028-01-06T02:24:00.00Z       500     54.098212        +7.082033          0.2000          0.2000         +0.0070922     +0.0056383      -0.0077984      -0.0046125      -1.2716384   
A2028-01-06T00:00:00.00Z       500     54.112958        +7.084072          0.2000          0.2000         +0.0033419     +0.0064286      -0.0042023      -0.0059022      -0.6800279   
A2027-12-30T02:24:00.00Z       500     55.391867        +7.327264          0.2000          0.2000         +0.0089167     +0.0078700      -0.0104424      -0.0056921      -1.1091426   
A2027-12-30T00:00:00.00Z       500     55.414133        +7.332306          0.2000          0.2000         +0.0104110     +0.0065627      -0.0116125      -0.0040753      -1.2274313   
A2027-12-23T02:24:00.00Z       500     57.192429        +7.786742          0.2000          0.2000         +0.0100544     +0.0047878      -0.0109753      -0.0018863      -0.8807454   
A2027-12-23T00:00:00.00Z       500     57.221529        +7.794861          0.2000          0.2000         -0.0024785     +0.0004169      +0.0022724      -0.0010739      +0.1817662   
A2027-12-16T02:24:00.00Z       500      59.4279         +8.456208          0.2000          0.2000         +0.0095697     +0.0074276      -0.0113825      -0.0041458      -0.7614767   
A2027-12-16T00:00:00.00Z       500     59.462463        +8.467194          0.2000          0.2000         +0.0004329     -0.0002336      -0.0003406      +0.0003549      -0.0227405   
A2027-12-09T02:24:00.00Z       500     61.982767        +9.311225          0.2000          0.2000         +0.0093788     +0.0014125      -0.0093104      +0.0018094      -0.5598839   
A2027-12-09T00:00:00.00Z       500     62.020892        +9.324603          0.2000          0.2000         +0.0061400     +0.0016722      -0.0063453      +0.0004829      -0.3811869   
A2027-12-02T02:24:00.00Z       500     64.707508        +10.311158         0.2000          0.2000         +0.0102899     +0.0024564      -0.0104793      +0.0014489      -0.6058499   
A2027-12-02T00:00:00.00Z       500     64.746817        +10.326247         0.2000          0.2000         +0.0037123     +0.0068489      -0.0059487      -0.0050300      -0.3438874   
A2027-11-25T02:24:00.00Z       500     67.424617        +11.40305          0.2000          0.2000         -0.0005364     +0.0006688      +0.0002284      -0.0008264      +0.0135600   
A2027-11-25T00:00:00.00Z       500     67.462483        +11.419033         0.2000          0.2000         +0.0071264     +0.0073536      -0.0094547      -0.0039333      -0.5617527   
A2027-11-18T02:24:00.00Z       500     69.954858        +12.528911         0.2000          0.2000         +0.0057282     +0.0030459      -0.0064828      -0.0002509      -0.4213287   
A2027-11-18T00:00:00.00Z       500     69.988883        +12.544972         0.2000          0.2000         +0.0015864     +0.0012573      -0.0019757      -0.0004406      -0.1286243   
A2027-11-11T02:24:00.00Z       500     72.153229        +13.636778         0.2000          0.2000         +0.0081503     +0.0065403      -0.0103057      -0.0017307      -0.7787585   
A2027-11-11T00:00:00.00Z       500     72.181708        +13.652272         0.2000          0.2000         +0.0086292     +0.0027806      -0.0088870      +0.0017937      -0.6732890   
A2027-11-04T02:24:00.00Z       500     73.922954        +14.688975         0.2000          0.2000         -0.0016860     +0.0042255      -0.0009952      -0.0044392      -0.0929956   
A2027-11-04T00:00:00.00Z       500     73.944812        +14.703472         0.2000          0.2000         -0.0023364     +0.0035743      -0.0000976      -0.0042690      -0.0091481   
A2027-10-28T02:24:00.00Z       500     75.208121        +15.661453         0.2000          0.2000         +0.0106119     +0.0007429      -0.0082713      +0.0066895      -1.0213739   
A2027-10-28T00:00:00.00Z       500     75.222833        +15.674692         0.2000          0.2000         -0.0024277     +0.0044128      -0.0012451      -0.0048802      -0.1544313   
A2027-10-21T02:24:00.00Z       500     75.990629        +16.540461         0.2000          0.2000         -0.0031060     +0.0036179      -0.0014454      -0.0045439      -0.2489780   
A2027-10-21T00:00:00.00Z       500     75.998217        +16.552306         0.2000          0.2000         +0.0016245     +0.0097565      -0.0091731      -0.0036991      -1.5877808   
A2027-10-14T02:24:00.00Z       500     76.287804        +17.320214         0.2000          0.2000         -0.0040125     +0.0038672      -0.0035053      -0.0043323      -0.8038560   
A2027-10-14T00:00:00.00Z       500     76.288708        +17.330631         0.2000          0.2000         +0.0078234     +0.0069730      -0.0075651      +0.0072524      -1.7394337   
A2027-10-07T02:24:00.00Z       500     76.136533        +18.000711         0.2000          0.2000         -0.0050372     -0.0014364      -0.0011484      -0.0051105      -0.2682779   
A2027-10-07T00:00:00.00Z       500     76.131325        +18.009725         0.2000          0.2000         +0.0092189     +0.0051668      -0.0000461      +0.0105680      -0.0107588   
A2027-09-30T02:24:00.00Z       500     75.577733        +18.584106         0.2000          0.2000         -0.0024950     +0.0006964      -0.0024109      -0.0009475      -0.4556301   
A2027-09-30T00:00:00.00Z       500       75.567         +18.59175          0.2000          0.2000         -0.0033507     +0.0078622      -0.0073919      +0.0042895      -1.3921050   
A2027-09-23T02:24:00.00Z       500     74.653975        +19.072653         0.2000          0.2000         +0.0051109     -0.0001277      +0.0047478      +0.0018962      +0.7111883   
A2027-09-23T00:00:00.00Z       500     74.638358        +19.078958         0.2000          0.2000         +0.0028852     +0.0067121      +0.0000261      +0.0073059      +0.0038997   
A2027-09-16T02:24:00.00Z       500     73.411796        +19.468831         0.2000          0.2000         +0.0084835     +0.0059192      +0.0066576      +0.0079173      +0.8266533   
A2027-09-16T00:00:00.00Z       500     73.391967        +19.473836         0.2000          0.2000         +0.0102435     +0.0056458      +0.0084413      +0.0080962      +1.0456576   
A2027-09-09T02:24:00.00Z       500     71.895004        +19.775589         0.2000          0.2000         +0.0060630     +0.0004166      +0.0059071      +0.0014281      +0.6333921   
A2027-09-09T00:00:00.00Z       500     71.871529        +19.779336         0.2000          0.2000         +0.0048085     -0.0005876      +0.0048392      +0.0002222      +0.5179245   
A2027-09-02T02:24:00.00Z       500     70.139604        +19.995342         0.2000          0.2000         -0.0035468     +0.0038277      -0.0039132      +0.0034521      -0.3734045   
A2027-09-02T00:00:00.00Z       500     70.112954        +19.997858         0.2000          0.2000         +0.0068042     -0.0007997      +0.0068500      -0.0001181      +0.6526570   
A2027-08-26T02:24:00.00Z       500      68.1767         +20.129667         0.2000          0.2000         -0.0031328     +0.0008517      -0.0031698      +0.0007015      -0.2755328   
A2027-08-26T00:00:00.00Z       500     68.147308        +20.130975         0.2000          0.2000         +0.0000414     +0.0037886      -0.0001366      +0.0037864      -0.0118639   
A2027-08-19T02:24:00.00Z       500     66.037337        +20.180231         0.2000          0.2000         +0.0038802     +0.0035423      +0.0038642      +0.0035598      +0.3118594   
A2027-08-19T00:00:00.00Z       500     66.005637        +20.180356         0.2000          0.2000         +0.0022113     +0.0006581      +0.0022087      +0.0006669      +0.1780856   
A2027-08-12T02:24:00.00Z       500     63.748833        +20.149111         0.2000          0.2000         +0.0066287     +0.0062869      +0.0068279      +0.0060699      +0.5184505   
A2027-08-12T00:00:00.00Z       500     63.715167        +20.148083         0.2000          0.2000         +0.0046058     +0.0039747      +0.0047334      +0.0038218      +0.3591265   
A2027-08-05T02:24:00.00Z       500     61.332104        +20.038017         0.2000          0.2000         -0.0007959     +0.0001437      -0.0007850      +0.0001948      -0.0565983   
A2027-08-05T00:00:00.00Z       500     61.296737        +20.035858         0.2000          0.2000         +0.0047936     +0.0041525      +0.0050537      +0.0038316      +0.3641446   
A2027-07-29T02:24:00.00Z       500     58.804525        +19.848244         0.2000          0.2000         +0.0052723     +0.0030715      +0.0055374      +0.0025629      +0.3821107   
A2027-07-29T00:00:00.00Z       500      58.7677         +19.844969         0.2000          0.2000         +0.0016250     -0.0022583      +0.0014048      -0.0024015      +0.0968813   
A2027-07-22T02:24:00.00Z       500     56.184133        +19.581603         0.2000          0.2000         +0.0001366     +0.0041596      +0.0006368      +0.0041129      +0.0423584   
A2027-07-22T00:00:00.00Z       500     56.146108        +19.577247         0.2000          0.2000         -0.0032902     -0.0015106      -0.0034486      -0.0011019      -0.2292915   
A2026-11-21T02:24:00.00Z       500     298.946983       -12.200861         0.2000          0.2000         +0.0155641     +0.0066786      +0.0161736      +0.0050259      +0.5929469   
A2026-11-21T00:00:00.00Z       500     298.880354       -12.20765          0.2000          0.2000         +0.0111570     -0.0007983      +0.0110145      -0.0019483      +0.4036382   
A2026-11-14T02:24:00.00Z       500     294.202454       -12.615953         0.2000          0.2000         +0.0122298     +0.0008045      +0.0122558      -0.0001091      +0.4357964   
A2026-11-14T00:00:00.00Z       500     294.133467       -12.620967         0.2000          0.2000         +0.0100617     +0.0064611      +0.0105127      +0.0056979      +0.3736476   
A2026-11-07T02:24:00.00Z       500     289.288175        -12.9005          0.2000          0.2000         +0.0132667     +0.0001478      +0.0132604      -0.0004367      +0.4564035   
A2026-11-07T00:00:00.00Z       500     289.216692       -12.903556         0.2000          0.2000         +0.0060449     -0.0005110      +0.0060168      -0.0007741      +0.2069919   
A2026-10-31T02:24:00.00Z       500     284.193737       -13.041742         0.2000          0.2000         +0.0022482     +0.0033347      +0.0022913      +0.0033052      +0.0761393   
A2026-10-31T00:00:00.00Z       500     284.119592       -13.042664         0.2000          0.2000         +0.0105365     +0.0000892      +0.0105368      -0.0000429      +0.3499473   
A2026-10-24T02:24:00.00Z       500     278.904771       -13.027547         0.2000          0.2000         +0.0044222     +0.0059093      +0.0043132      +0.0059893      +0.1379174   
A2026-10-24T00:00:00.00Z       500     278.827729       -13.026156         0.2000          0.2000         +0.0166315     +0.0018640      +0.0165936      +0.0021757      +0.5302850   
A2026-10-17T02:24:00.00Z       500     273.406163       -12.844511         0.2000          0.2000         +0.0145128     +0.0069787      +0.0141479      +0.0076915      +0.4342127   
A2026-10-17T00:00:00.00Z       500     273.326037       -12.840606         0.2000          0.2000         +0.0131962     +0.0017243      +0.0130931      +0.0023841      +0.4015988   
A2026-10-10T02:24:00.00Z       500     267.687313       -12.478992         0.2000          0.2000         +0.0058367     -0.0027322      +0.0060381      -0.0022526      +0.1775592   
A2026-10-10T00:00:00.00Z       500     267.603979       -12.472389         0.2000          0.2000         +0.0139852     -0.0006519      +0.0139920      +0.0004842      +0.4112013   
A2026-10-03T02:24:00.00Z       500     261.739054       -11.919772         0.2000          0.2000         +0.0158106     +0.0029519      +0.0153884      +0.0046783      +0.4328505   
A2026-10-03T00:00:00.00Z       500     261.652362       -11.910339         0.2000          0.2000         +0.0153718     -0.0038702      +0.0157059      -0.0021441      +0.4414944   
A2026-09-26T02:24:00.00Z       500     255.549238       -11.158433         0.2000          0.2000         +0.0050634     +0.0064000      +0.0041299      +0.0070385      +0.1109073   
A2026-09-26T00:00:00.00Z       500      255.459         -11.146058         0.2000          0.2000         +0.0119924     -0.0018643      +0.0121350      -0.0001837      +0.3256614   
A2026-09-19T02:24:00.00Z       500     249.106712       -10.188069         0.2000          0.2000         +0.0131981     +0.0043346      +0.0123075      +0.0064423      +0.3153838   
A2026-09-19T00:00:00.00Z       500     249.012821       -10.172675         0.2000          0.2000         +0.0059555     -0.0038980      +0.0065156      -0.0028651      +0.1668553   
A2026-09-12T02:24:00.00Z       500     242.409071        -9.0066           0.2000          0.2000         +0.0072002     +0.0048437      +0.0061651      +0.0061069      +0.1509483   
A2026-09-12T00:00:00.00Z       500     242.311563       -8.988214          0.2000          0.2000         +0.0174562     +0.0037300      +0.0164461      +0.0069396      +0.4024131   
A2026-09-05T02:24:00.00Z       500     235.461129       -7.620975          0.2000          0.2000         +0.0094887     -0.0004477      +0.0093758      +0.0015262      +0.2198775   
A2026-09-05T00:00:00.00Z       500     235.360092       -7.599772          0.2000          0.2000         +0.0063761     -0.0012912      +0.0065053      +0.0000583      +0.1524682   
A2026-08-29T02:24:00.00Z       500     228.270013       -6.047458          0.2000          0.2000         +0.0147201     -0.0021920      +0.0148386      +0.0011408      +0.3343389   
A2026-08-29T00:00:00.00Z       500     228.165567       -6.023722          0.2000          0.2000         +0.0094463     +0.0012767      +0.0089242      +0.0033499      +0.2009687   
A2026-08-22T02:24:00.00Z       500     220.848875       -4.309978          0.2000          0.2000         +0.0094859     -0.0060389      +0.0106366      -0.0036488      +0.2314152   
A2026-08-22T00:00:00.00Z       500     220.741308       -4.284122          0.2000          0.2000         +0.0011741     +0.0023636      +0.0005874      +0.0025730      +0.0127732   
A2026-08-15T02:24:00.00Z       500     213.225683       -2.443767          0.2000          0.2000         +0.0011303     +0.0023573      +0.0005282      +0.0025604      +0.0111772   
A2026-08-15T00:00:00.00Z       500     213.115508       -2.416394          0.2000          0.2000         +0.0116986     +0.0034559      +0.0105187      +0.0061772      +0.2225164   
A2026-08-08T02:24:00.00Z       500     205.44165        -0.496892          0.2000          0.2000         +0.0060106     -0.0037506      +0.0067426      -0.0021755      +0.1399855   
A2026-08-08T00:00:00.00Z       500     205.329508       -0.468764          0.2000          0.2000         -0.0033000     -0.0055089      -0.0018605      -0.0061463      -0.0386191   
A2026-08-01T02:24:00.00Z       500     197.543254       +1.475403          0.2000          0.2000         +0.0087735     -0.0050115      +0.0097213      -0.0027542      +0.1997221   
A2026-08-01T00:00:00.00Z       500     197.429821       +1.503497          0.2000          0.2000         +0.0047655     -0.0049333      +0.0058119      -0.0036427      +0.1193951   
A2026-07-25T02:24:00.00Z       500     189.579833       +3.418903          0.2000          0.2000         +0.0018209     -0.0002836      +0.0018368      +0.0001493      +0.0376811   
A2026-07-25T00:00:00.00Z       500     189.465867        +3.4462           0.2000          0.2000         -0.0014608     -0.0022023      -0.0009068      -0.0024823      -0.0186023   
A2026-07-18T02:24:00.00Z       500     181.608296       +5.281114          0.2000          0.2000         +0.0081834     +0.0018553      +0.0075667      +0.0036269      +0.1564663   
A2026-07-18T00:00:00.00Z       500     181.494654       +5.306883          0.2000          0.2000         +0.0061280     -0.0008425      +0.0061621      +0.0005387      +0.1274450   
A2026-07-11T02:24:00.00Z       500     173.68975        +7.013342          0.2000          0.2000         +0.0001428     -0.0061785      +0.0014185      -0.0060151      +0.0298403   
A2026-07-11T00:00:00.00Z       500      173.5773        +7.036939          0.2000          0.2000         -0.0032288     -0.0073865      -0.0016319      -0.0078945      -0.0343396   
A2026-07-04T02:24:00.00Z       500     165.880367       +8.576975          0.2000          0.2000         -0.0004614     -0.0007230      -0.0003167      -0.0007971      -0.0068277   
A2026-07-04T00:00:00.00Z       500     165.769821       +8.597961          0.2000          0.2000         -0.0039912     -0.0039649      -0.0031727      -0.0046459      -0.0684265   
A2026-06-27T02:24:00.00Z       500     158.224987       +9.948394          0.2000          0.2000         +0.0053695     -0.0001827      +0.0053238      +0.0007221      +0.1183289   
A2026-06-27T00:00:00.00Z       500     158.116933       +9.966517          0.2000          0.2000         -0.0062081     -0.0001344      -0.0060977      -0.0011738      -0.1355930   
A2026-06-20T02:24:00.00Z       500     150.76315        +11.113558         0.2000          0.2000         +0.0030548     -0.0028122      +0.0034308      -0.0023387      +0.0790416   
A2026-06-20T00:00:00.00Z       500     150.658138       +11.128664         0.2000          0.2000         +0.0090347     +0.0008833      +0.0088114      +0.0021828      +0.2031182   
A2026-06-13T02:24:00.00Z       500     143.531696       +12.064286         0.2000          0.2000         -0.0055691     -0.0086779      -0.0044843      -0.0092850      -0.1076421   
A2026-06-13T00:00:00.00Z       500     143.430225       +12.076297         0.2000          0.2000         -0.0055660     -0.0060610      -0.0047986      -0.0066850      -0.1152591   
A2026-06-06T02:24:00.00Z       500     136.561621       +12.799356         0.2000          0.2000         -0.0044626     +0.0018345      -0.0046153      +0.0014068      -0.1158611   
A2026-06-06T00:00:00.00Z       500     136.464046       +12.808322         0.2000          0.2000         +0.0032563     -0.0030969      +0.0035319      -0.0027783      +0.0887235   
A2026-05-30T02:24:00.00Z       500     129.871746       +13.325833         0.2000          0.2000         -0.0053576     -0.0063448      -0.0049228      -0.0066877      -0.1295682   
A2026-05-30T00:00:00.00Z       500     129.778275       +13.331892         0.2000          0.2000         -0.0023631     +0.0007026      -0.0024045      +0.0005445      -0.0633296   
A2026-05-23T02:24:00.00Z       500     123.475792       +13.653522         0.2000          0.2000         +0.0006291     -0.0072228      +0.0009042      -0.0071935      +0.0250161   
A2026-05-23T00:00:00.00Z       500     123.386617       +13.656814         0.2000          0.2000         -0.0007328     +0.0005550      -0.0007532      +0.0005269      -0.0208540   
A2026-05-16T02:24:00.00Z       500     117.388179       +13.792617         0.2000          0.2000         -0.0047852     -0.0029695      -0.0047599      -0.0030097      -0.1388954   
A2026-05-16T00:00:00.00Z       500     117.303525       +13.793292         0.2000          0.2000         -0.0039803     -0.0068832      -0.0039251      -0.0069149      -0.1146249   
A2026-05-09T02:24:00.00Z       500     111.623121       +13.755783         0.2000          0.2000         -0.0042070     -0.0002740      -0.0042120      -0.0001816      -0.1300314   
A2026-05-09T00:00:00.00Z       500     111.543138       +13.754061         0.2000          0.2000         +0.0006627     -0.0005989      +0.0006491      -0.0006136      +0.0200551   
A2026-05-02T02:24:00.00Z       500     106.186508       +13.559481         0.2000          0.2000         -0.0068179     -0.0023772      -0.0069337      -0.0020145      -0.2269921   
A2026-05-02T00:00:00.00Z       500     106.111233       +13.555603         0.2000          0.2000         -0.0080413     -0.0002776      -0.0080447      +0.0001502      -0.2635884   
A2026-04-25T02:24:00.00Z       500     101.081187       +13.220022         0.2000          0.2000         +0.0007887     -0.0079401      +0.0001177      -0.0079783      +0.0040998   
A2026-04-25T00:00:00.00Z       500     101.010679       +13.214211         0.2000          0.2000         +0.0012110     -0.0034455      +0.0009152      -0.0035356      +0.0318992   
A2026-04-18T02:24:00.00Z       500     96.313996        +12.752658         0.2000          0.2000         +0.0033276     +0.0012682      +0.0034527      +0.0008716      +0.1285687   
A2026-04-18T00:00:00.00Z       500      96.2484         +12.745131         0.2000          0.2000         +0.0037469     -0.0018030      +0.0035101      -0.0022292      +0.1308354   
A2026-04-11T02:24:00.00Z       500     91.896142        +12.174133         0.2000          0.2000         -0.0043128     -0.0045713      -0.0049487      -0.0038739      -0.1983076   
A2026-04-11T00:00:00.00Z       500      91.8356         +12.165156         0.2000          0.2000         -0.0034448     -0.0017171      -0.0036636      -0.0011801      -0.1469709   
A2026-04-04T02:24:00.00Z       500     87.834625        +11.503267         0.2000          0.2000         +0.0069294     -0.0042425      +0.0060319      -0.0054435      +0.2618866   
A2026-04-04T00:00:00.00Z       500     87.779208        +11.493103         0.2000          0.2000         -0.0051259     -0.0012621      -0.0052707      -0.0002961      -0.2291129   
A2026-03-28T02:24:00.00Z       500     84.136083        +10.757717         0.2000          0.2000         -0.0001586     -0.0007842      -0.0003271      -0.0007302      -0.0155316   
A2026-03-28T00:00:00.00Z       500     84.085933        +10.746606         0.2000          0.2000         +0.0019121     +0.0008934      +0.0020619      +0.0004503      +0.0980433   
A2026-03-21T02:24:00.00Z       500     80.814887        +9.954197          0.2000          0.2000         +0.0058963     -0.0001687      +0.0056508      -0.0016920      +0.2978794   
A2026-03-21T00:00:00.00Z       500     80.770283        +9.942386          0.2000          0.2000         -0.0017135     -0.0015150      -0.0020484      -0.0010176      -0.1081563   
A2026-03-14T02:24:00.00Z       500     77.894275        +9.111886          0.2000          0.2000         -0.0043793     -0.0051408      -0.0057345      -0.0035667      -0.3426847   
A2026-03-14T00:00:00.00Z       500     77.855571        +9.099681          0.2000          0.2000         +0.0077615     +0.0064106      +0.0093454      +0.0037417      +0.5595613   
A2026-03-07T02:24:00.00Z       500     75.397217         +8.25255          0.2000          0.2000         +0.0080645     -0.0009976      +0.0071781      -0.0038087      +0.4998292   
A2026-03-07T00:00:00.00Z       500     75.364725        +8.240256          0.2000          0.2000         +0.0009444     +0.0006424      +0.0011116      +0.0002623      +0.0775940   
A2026-02-28T02:24:00.00Z       500     73.348842        +7.397739          0.2000          0.2000         +0.0058330     +0.0010955      +0.0057449      -0.0014899      +0.4856966   
A2026-02-28T00:00:00.00Z       500     73.322983        +7.385667          0.2000          0.2000         -0.0020388     +0.0058477      +0.0006503      +0.0061587      +0.0551535   
A2026-02-21T02:24:00.00Z       500     71.784567        +6.570083          0.2000          0.2000         +0.0022192     +0.0004128      +0.0021036      -0.0008186      +0.2312730   
A2026-02-21T00:00:00.00Z       500     71.765946        +6.558586          0.2000          0.2000         -0.0008406     +0.0040004      +0.0014019      +0.0038399      +0.1548191   
A2026-02-14T02:24:00.00Z       500     70.749658        +5.797836          0.2000          0.2000         +0.0038395     -0.0003819      +0.0024816      -0.0029545      +0.3968535   
A2026-02-14T00:00:00.00Z       500     70.738917        +5.787367          0.2000          0.2000         -0.0046893     +0.0076561      +0.0020294      +0.0087457      +0.3266155   
A2026-02-07T02:24:00.00Z       500     70.285346        +5.114247          0.2000          0.2000         +0.0055677     +0.0032001      +0.0045212      -0.0045605      +1.1694727   
A2026-02-07T00:00:00.00Z       500     70.283017        +5.105292          0.2000          0.2000         -0.0024518     +0.0058957      +0.0051164      +0.0038200      +1.3313472   
A2026-01-31T02:24:00.00Z       500     70.425458        +4.553956          0.2000          0.2000         -0.0050402     +0.0030570      +0.0056671      +0.0016226      +1.4353051   
A2026-01-31T00:00:00.00Z       500     70.431983        +4.547017          0.2000          0.2000         +0.0030809     +0.0018879      -0.0007504      -0.0035346      -0.1887760   
A2026-01-24T02:24:00.00Z       500     71.197237        +4.153314          0.2000          0.2000         -0.0076549     -0.0013205      +0.0070091      +0.0033488      +1.0393067   
A2026-01-24T00:00:00.00Z       500     71.212925        +4.148942          0.2000          0.2000         +0.0007177     +0.0031974      +0.0001621      -0.0032730      +0.0238691   
A2026-01-21T02:24:00.00Z       500     71.724708        +4.040425          0.2000          0.2000         -0.0026540     +0.0012579      +0.0028193      -0.0008233      +0.3429067   
A2026-01-21T00:00:00.00Z       500     71.744308        +4.037333          0.2000          0.2000         +0.0017204     +0.0025817      -0.0013005      -0.0028166      -0.1572177   
A2026-01-18T02:24:00.00Z       500     72.368325         +3.96745          0.2000          0.2000         -0.0057437     +0.0021992      +0.0058911      -0.0017666      +0.6052621   
A2026-01-18T00:00:00.00Z       500     72.391742        +3.965739          0.2000          0.2000         +0.0036388     +0.0019241      -0.0034911      -0.0021805      -0.3568383   
A2026-01-15T02:24:00.00Z       500     73.124188        +3.937206          0.2000          0.2000         +0.0045775     +0.0007437      -0.0045699      -0.0007892      -0.4070765   
A2026-01-15T00:00:00.00Z       500      73.15125        +3.936964          0.2000          0.2000         -0.0059060     +0.0063657      +0.0059571      -0.0063178      +0.5283483   
A2026-01-12T02:24:00.00Z       500     73.986371        +3.952008          0.2000          0.2000         +0.0039545     +0.0016592      -0.0040202      -0.0014931      -0.3175664   
A2026-01-12T00:00:00.00Z       500     74.016854         +3.9533           0.2000          0.2000         +0.0007366     +0.0054909      -0.0009731      -0.0054540      -0.0765887   
A2026-01-09T02:24:00.00Z       500     74.946979        +4.013558          0.2000          0.2000         +0.0001002     +0.0042571      -0.0004603      -0.0042334      -0.0328806   
A2026-01-09T00:00:00.00Z       500     74.980583        +4.016428          0.2000          0.2000         -0.0073067     +0.0025163      +0.0070633      -0.0031352      +0.5030750   
A2026-01-06T02:24:00.00Z       500     75.996208        +4.122847          0.2000          0.2000         +0.0034411     +0.0041257      -0.0039177      -0.0036762      -0.2575685   
A2026-01-06T00:00:00.00Z       500     76.032579        +4.127317          0.2000          0.2000         +0.0052198     +0.0046189      -0.0057478      -0.0039426      -0.3769486   
A2026-01-03T02:24:00.00Z       500     77.122567        +4.280092          0.2000          0.2000         +0.0002113     +0.0005484      -0.0002936      -0.0005092      -0.0180420   
A2026-01-03T00:00:00.00Z       500     77.161296        +4.286156          0.2000          0.2000         +0.0061550     +0.0027233      -0.0065038      -0.0017322      -0.3988932   
A2025-12-31T02:24:00.00Z       500     78.313212        +4.484797          0.2000          0.2000         -0.0049499     +0.0057963      +0.0037948      -0.0066104      +0.2211121   
A2025-12-31T00:00:00.00Z       500     78.353846        +4.492425          0.2000          0.2000         -0.0038666     +0.0001153      +0.0037781      -0.0008309      +0.2197972   
A2025-12-28T02:24:00.00Z       500     79.553904         +4.73585          0.2000          0.2000         -0.0058938     -0.0000427      +0.0057678      -0.0012129      +0.3229912   
A2025-12-28T00:00:00.00Z       500     79.595942          +4.745           0.2000          0.2000         -0.0036487     +0.0066998      +0.0021319      -0.0073250      +0.1192570   
A2025-12-25T02:24:00.00Z       500      80.82875        +5.031469          0.2000          0.2000         +0.0059551     +0.0044231      -0.0068433      -0.0028630      -0.3732847   
A2025-12-25T00:00:00.00Z       500     80.871633        +5.042061          0.2000          0.2000         +0.0029884     -0.0001443      -0.0028655      +0.0008606      -0.1562025   
A2025-12-22T02:24:00.00Z       500     82.120442        +5.369028          0.2000          0.2000         -0.0055325     +0.0017352      +0.0048673      -0.0031509      +0.2620841   
A2025-12-22T00:00:00.00Z       500     82.163579        +5.380964          0.2000          0.2000         -0.0068509     +0.0014116      +0.0062213      -0.0031974      +0.3349204   
A2025-12-19T02:24:00.00Z       500     83.411012        +5.745064          0.2000          0.2000         +0.0013690     +0.0051615      -0.0028291      -0.0045290      -0.1523569   
A2025-12-19T00:00:00.00Z       500      83.4538         +5.758214          0.2000          0.2000         -0.0042696     +0.0053318      +0.0025030      -0.0063555      +0.1348273   
A2025-12-16T02:24:00.00Z       500     84.682621        +6.155386          0.2000          0.2000         -0.0009224     +0.0088210      -0.0019736      -0.0086467      -0.1076677   
A2025-12-16T00:00:00.00Z       500     84.724479         +6.1696           0.2000          0.2000         -0.0056415     +0.0090566      +0.0024065      -0.0103950      +0.1313664   
A2025-12-13T02:24:00.00Z       500     85.918363        +6.595281          0.2000          0.2000         +0.0049364     +0.0049998      -0.0063805      -0.0029421      -0.3569666   
A2025-12-13T00:00:00.00Z       500      85.95875        +6.610394          0.2000          0.2000         -0.0023285     -0.0007360      +0.0024384      -0.0001334      +0.1365613   
A2025-12-10T02:24:00.00Z       500     87.102875         +7.05975          0.2000          0.2000         +0.0001229     +0.0047139      -0.0019192      -0.0043073      -0.1114228   
A2025-12-10T00:00:00.00Z       500     87.141317        +7.075597          0.2000          0.2000         +0.0082613     +0.0077474      -0.0106034      -0.0039797      -0.6164734   
A2025-12-07T02:24:00.00Z       500     88.222858        +7.543725          0.2000          0.2000         -0.0074083     -0.0002946      +0.0068584      -0.0028165      +0.4178110   
A2025-12-07T00:00:00.00Z       500     88.258946        +7.560136          0.2000          0.2000         -0.0051112     +0.0014384      +0.0040439      -0.0034409      +0.2467963   
A2025-12-04T02:24:00.00Z       500     89.267425        +8.042328          0.2000          0.2000         +0.0054887     +0.0082680      -0.0086358      -0.0048896      -0.5578119   
A2025-12-04T00:00:00.00Z       500     89.300838        +8.059144          0.2000          0.2000         +0.0018401     -0.0004870      -0.0014188      +0.0012689      -0.0918416   
A2025-12-01T02:24:00.00Z       500     90.227971        +8.551103          0.2000          0.2000         -0.0043251     +0.0091290      -0.0007300      -0.0100753      -0.0504916   
A2025-12-01T00:00:00.00Z       500     90.258458        +8.568189          0.2000          0.2000         -0.0048803     +0.0052370      +0.0016582      -0.0069637      +0.1149750   
A2025-11-24T02:24:00.00Z       500     92.106729        +9.756375          0.2000          0.2000         +0.0013262     +0.0010945      -0.0017181      -0.0000682      -0.1447065   
A2025-11-24T00:00:00.00Z       500     92.129683        +9.773628          0.2000          0.2000         +0.0028244     +0.0074475      -0.0067666      -0.0042019      -0.5717109   
A2025-11-17T02:24:00.00Z       500     93.439142        +10.954014         0.2000          0.2000         +0.0016634     +0.0057356      -0.0054124      -0.0025239      -0.5789069   
A2025-11-17T00:00:00.00Z       500     93.454129         +10.9709          0.2000          0.2000         +0.0056472     +0.0054177      -0.0077933      +0.0007117      -0.8365605   
A2025-11-10T02:24:00.00Z       500     94.217283        +12.112142         0.2000          0.2000         -0.0019368     +0.0047604      -0.0035769      -0.0036904      -0.4865777   
A2025-11-10T00:00:00.00Z       500     94.224496        +12.128283         0.2000          0.2000         +0.0026141     +0.0020424      -0.0029143      +0.0015850      -0.3976526   
A2025-11-03T02:24:00.00Z       500     94.471167        +13.209314         0.2000          0.2000         +0.0015885     +0.0060644      -0.0060759      +0.0015441      -0.9610430   
A2025-11-03T00:00:00.00Z       500     94.471229        +13.224481         0.2000          0.2000         +0.0007665     +0.0103309      -0.0103317      +0.0007550      -1.6358507   
A2025-10-27T02:24:00.00Z       500     94.249254        +14.233806         0.2000          0.2000         +0.0051389     +0.0081616      -0.0054279      +0.0079723      -0.8479481   
A2025-10-27T00:00:00.00Z       500     94.242871        +14.247881         0.2000          0.2000         -0.0021446     +0.0076239      -0.0078397      +0.0011234      -1.2232050   
A2025-10-20T02:24:00.00Z       500     93.600171        +15.179189         0.2000          0.2000         -0.0058237     +0.0008651      -0.0045452      -0.0037424      -0.6267894   
A2025-10-20T00:00:00.00Z       500     93.588046        +15.192097         0.2000          0.2000         +0.0031187     -0.0005730      +0.0025228      +0.0019211      +0.3471588   
A2025-10-13T02:24:00.00Z       500     92.573787        +16.040925         0.2000          0.2000         -0.0026428     +0.0053372      -0.0052473      +0.0028172      -0.6240893   
A2025-10-13T00:00:00.00Z       500     92.556642        +16.052614         0.2000          0.2000         -0.0008454     +0.0075887      -0.0050734      +0.0057064      -0.6021842   
A2025-10-06T02:24:00.00Z       500     91.221633        +16.816258         0.2000          0.2000         -0.0008840     -0.0029955      +0.0005741      -0.0030700      +0.0599073   
A2025-10-06T00:00:00.00Z       500      91.2002         +16.826706         0.2000          0.2000         +0.0027352     +0.0048836      +0.0002264      +0.0055928      +0.0235796   
A2025-09-29T02:24:00.00Z       500     89.590742        +17.504681         0.2000          0.2000         -0.0005667     +0.0058634      -0.0026350      +0.0052686      -0.2465208   
A2025-09-29T00:00:00.00Z       500     89.565613        +17.513886         0.2000          0.2000         +0.0047574     +0.0032709      +0.0032711      +0.0047573      +0.3056065   
A2025-09-22T02:24:00.00Z       500     87.718033        +18.106186         0.2000          0.2000         -0.0075327     +0.0067435      -0.0091372      +0.0043276      -0.7811572   
A2025-09-22T00:00:00.00Z       500     87.689692        +18.114147         0.2000          0.2000         +0.0028276     +0.0067443      +0.0008039      +0.0072687      +0.0686456   
A2025-09-15T02:24:00.00Z       500     85.636275        +18.620292         0.2000          0.2000         -0.0020653     +0.0054175      -0.0032185      +0.0048225      -0.2557153   
A2025-09-15T00:00:00.00Z       500     85.605179         +18.627           0.2000          0.2000         +0.0025551     +0.0007615      +0.0023228      +0.0013088      +0.1843787   
A2025-09-08T02:24:00.00Z       500     83.377408        +19.046875         0.2000          0.2000         -0.0065485     +0.0007934      -0.0065878      -0.0003370      -0.4935897   
A2025-09-08T00:00:00.00Z       500     83.344004        +19.052339         0.2000          0.2000         +0.0023644     +0.0020803      +0.0019759      +0.0024523      +0.1479357   
A2025-09-01T02:24:00.00Z       500     80.969342        +19.386819         0.2000          0.2000         -0.0018798     +0.0025747      -0.0021896      +0.0023170      -0.1562816   
A2025-09-01T00:00:00.00Z       500     80.933967        +19.391053         0.2000          0.2000         +0.0033869     +0.0050939      +0.0027206      +0.0054788      +0.1940580   
A2025-08-25T02:24:00.00Z       500     78.432688        +19.640922         0.2000          0.2000         +0.0024016     +0.0013454      +0.0022767      +0.0015473      +0.1559361   
A2025-08-25T00:00:00.00Z       500     78.395608        +19.643933         0.2000          0.2000         +0.0053513     +0.0043880      +0.0049560      +0.0048300      +0.3392581   
A2025-08-18T02:24:00.00Z       500      75.7857         +19.809619         0.2000          0.2000         -0.0014524     +0.0011395      -0.0015073      +0.0010659      -0.0997180   
A2025-08-18T00:00:00.00Z       500     75.747179        +19.811414         0.2000          0.2000         +0.0030707     +0.0031503      +0.0029120      +0.0032975      +0.1925647   
A2025-08-11T02:24:00.00Z       500     73.047183        +19.893844         0.2000          0.2000         +0.0030196     +0.0029748      +0.0029707      +0.0030235      +0.1910180   
A2025-08-11T00:00:00.00Z       500     73.007483        +19.894444         0.2000          0.2000         -0.0055265     +0.0047715      -0.0056013      +0.0046834      -0.3600328   
A2025-08-04T02:24:00.00Z       500     70.233621        +19.895333         0.2000          0.2000         -0.0047002     +0.0048352      -0.0046286      +0.0049038      -0.2904448   
A2025-08-04T00:00:00.00Z       500     70.192946        +19.894761         0.2000          0.2000         +0.0063502     -0.0016114      +0.0063251      -0.0017073      +0.3967695   
A2024-12-18T02:24:00.00Z       500     328.493746       -6.271375          0.2000          0.2000         +0.0007251     +0.0019341      +0.0011221      +0.0017341      +0.0551383   
A2024-12-18T00:00:00.00Z       500     328.445746       -6.281819          0.2000          0.2000         +0.0023194     +0.0030090      +0.0029088      +0.0024439      +0.1429206   
A2024-12-11T02:24:00.00Z       500     325.117146        -6.9652           0.2000          0.2000         +0.0086077     +0.0028778      +0.0089986      +0.0011832      +0.4405068   
A2024-12-11T00:00:00.00Z       500     325.068658       -6.974542          0.2000          0.2000         +0.0002212     +0.0043248      +0.0010406      +0.0042036      +0.0509367   
A2024-12-04T02:24:00.00Z       500     321.706487       -7.577086          0.2000          0.2000         +0.0125792     +0.0097144      +0.0140078      +0.0075091      +0.6832147   
A2024-12-04T00:00:00.00Z       500     321.657525       -7.585183          0.2000          0.2000         +0.0143831     +0.0096107      +0.0157671      +0.0071159      +0.7689838   
A2024-11-27T02:24:00.00Z       500     318.263563       -8.096739          0.2000          0.2000         +0.0061404     +0.0045301      +0.0066997      +0.0036523      +0.3256397   
A2024-11-27T00:00:00.00Z       500     318.214154       -8.103447          0.2000          0.2000         +0.0138276     +0.0050724      +0.0143878      +0.0031498      +0.6992855   
A2024-11-20T02:24:00.00Z       500     314.789171        -8.5147           0.2000          0.2000         +0.0119416     +0.0082250      +0.0127386      +0.0069268      +0.6164829   
A2024-11-20T00:00:00.00Z       500      314.7393        -8.519892          0.2000          0.2000         +0.0025861     +0.0044890      +0.0030409      +0.0041943      +0.1471512   
A2024-11-13T02:24:00.00Z       500     311.281563       -8.821939          0.2000          0.2000         +0.0141546     +0.0060596      +0.0145501      +0.0050368      +0.6999344   
A2024-11-13T00:00:00.00Z       500      311.2312        -8.825478          0.2000          0.2000         +0.0037844     +0.0024982      +0.0039515      +0.0022245      +0.1900712   
A2024-11-06T02:24:00.00Z       500     307.739892       -9.007661          0.2000          0.2000         +0.0050435     +0.0002618      +0.0050495      +0.0000883      +0.2412647   
A2024-11-06T00:00:00.00Z       500     307.689067       -9.009372          0.2000          0.2000         +0.0113214     +0.0044840      +0.0114666      +0.0040985      +0.5478239   
A2024-10-30T02:24:00.00Z       500     304.167479       -9.059614          0.2000          0.2000         +0.0083816     +0.0040706      +0.0083600      +0.0041147      +0.3964768   
A2024-10-30T00:00:00.00Z       500     304.116238       -9.059331          0.2000          0.2000         +0.0169292     +0.0058944      +0.0168944      +0.0059935      +0.8011292   
A2024-10-23T02:24:00.00Z       500     300.566175       -8.966647          0.2000          0.2000         +0.0078098     +0.0063376      +0.0075018      +0.0066993      +0.3524084   
A2024-10-23T00:00:00.00Z       500     300.514512       -8.964217          0.2000          0.2000         +0.0068331     +0.0083464      +0.0064260      +0.0086638      +0.3018232   
A2024-10-16T02:24:00.00Z       500     296.933733       -8.717933          0.2000          0.2000         +0.0057390     +0.0029414      +0.0054466      +0.0034529      +0.2525843   
A2024-10-16T00:00:00.00Z       500     296.881596       -8.713192          0.2000          0.2000         +0.0076927     +0.0020616      +0.0074707      +0.0027600      +0.3463800   
A2024-10-09T02:24:00.00Z       500     293.267538       -8.300294          0.2000          0.2000         +0.0155489     +0.0032932      +0.0149467      +0.0054045      +0.6824789   
A2024-10-09T00:00:00.00Z       500     293.214925       -8.293031          0.2000          0.2000         +0.0037667     +0.0036404      +0.0032263      +0.0041270      +0.1472788   
A2024-10-02T02:24:00.00Z       500     289.569417       -7.699197          0.2000          0.2000         +0.0094516     +0.0080713      +0.0077846      +0.0096891      +0.3490975   
A2024-10-02T00:00:00.00Z       500     289.516358       -7.689219          0.2000          0.2000         +0.0140841     +0.0014248      +0.0135701      +0.0040303      +0.6083708   
A2024-09-25T02:24:00.00Z       500     285.837812       -6.901958          0.2000          0.2000         +0.0089330     +0.0045205      +0.0076224      +0.0064908      +0.3342597   
A2024-09-25T00:00:00.00Z       500     285.784225       -6.889089          0.2000          0.2000         +0.0124073     +0.0093076      +0.0098676      +0.0119667      +0.4325585   
A2024-09-18T02:24:00.00Z       500      282.063         -5.896386          0.2000          0.2000         +0.0117164     +0.0055141      +0.0096800      +0.0086010      +0.4124864   
A2024-09-18T00:00:00.00Z       500     282.008688       -5.880442          0.2000          0.2000         +0.0139101     +0.0067357      +0.0114315      +0.0104009      +0.4869016   
A2024-09-11T02:24:00.00Z       500     278.230763       -4.667319          0.2000          0.2000         +0.0070044     +0.0051531      +0.0049121      +0.0071754      +0.2022289   
A2024-09-11T00:00:00.00Z       500     278.17555        -4.648061          0.2000          0.2000         +0.0183475     +0.0048622      +0.0157087      +0.0106540      +0.6463719   
A2024-09-08T02:24:00.00Z       500     276.567992       -4.068156          0.2000          0.2000         +0.0127000     +0.0028450      +0.0109041      +0.0071053      +0.4416503   
A2024-09-08T00:00:00.00Z       500     276.512333       -4.047414          0.2000          0.2000         +0.0071603     +0.0069776      +0.0042629      +0.0090434      +0.1725657   
A2024-09-05T02:24:00.00Z       500     274.891254       -3.424075          0.2000          0.2000         +0.0082525     +0.0013036      +0.0071908      +0.0042539      +0.2862218   
A2024-09-05T00:00:00.00Z       500     274.835104       -3.401822          0.2000          0.2000         +0.0147150     +0.0021886      +0.0128670      +0.0074673      +0.5118521   
A2024-09-02T02:24:00.00Z       500     273.198692       -2.734269          0.2000          0.2000         +0.0148867     +0.0044523      +0.0120057      +0.0098640      +0.4690335   
A2024-09-02T00:00:00.00Z       500     273.141971       -2.710481          0.2000          0.2000         +0.0061565     +0.0000112      +0.0056714      +0.0023953      +0.2214240   
A2024-08-30T02:24:00.00Z       500     271.487796       -1.998053          0.2000          0.2000         +0.0085917     +0.0090248      +0.0042141      +0.0117263      +0.1613508   
A2024-08-30T00:00:00.00Z       500     271.430417       -1.972708          0.2000          0.2000         +0.0166902     +0.0014777      +0.0146662      +0.0081024      +0.5611488   
A2024-08-27T02:24:00.00Z       500     269.755317       -1.214803          0.2000          0.2000         +0.0189249     +0.0038346      +0.0155661      +0.0114259      +0.5831267   
A2024-08-27T00:00:00.00Z       500     269.69715        -1.187878          0.2000          0.2000         +0.0166186     +0.0003538      +0.0149303      +0.0073068      +0.5588837   
A2024-08-24T02:24:00.00Z       500     267.997187       -0.383839          0.2000          0.2000         +0.0103468     +0.0089259      +0.0054414      +0.0125347      +0.1990665   
A2024-08-24T00:00:00.00Z       500     267.938087       -0.355311          0.2000          0.2000         +0.0096798     +0.0027570      +0.0075174      +0.0066925      +0.2747846   
A2024-08-21T02:24:00.00Z       500     266.208683       +0.495686          0.2000          0.2000         +0.0051065     +0.0084740      +0.0007718      +0.0098635      +0.0275187   
A2024-08-21T00:00:00.00Z       500     266.148487        +0.52585          0.2000          0.2000         +0.0131694     +0.0020923      +0.0108350      +0.0077726      +0.3860038   
A2024-08-18T02:24:00.00Z       500     264.384813       +1.424806          0.2000          0.2000         +0.0135358     +0.0094734      +0.0076641      +0.0146364      +0.2659025   
A2024-08-18T00:00:00.00Z       500     264.32335        +1.456642          0.2000          0.2000         +0.0131306     +0.0079555      +0.0079966      +0.0131056      +0.2771790   
A2024-08-15T02:24:00.00Z       500     262.520558       +2.404419          0.2000          0.2000         +0.0044190     +0.0026538      +0.0026506      +0.0044209      +0.0893472   
A2024-08-15T00:00:00.00Z       500     262.457662        +2.43795          0.2000          0.2000         +0.0134673     +0.0062242      +0.0089503      +0.0118322      +0.3014041   
A2024-08-12T02:24:00.00Z       500     260.610462       +3.434958          0.2000          0.2000         +0.0179419     +0.0076813      +0.0120592      +0.0153456      +0.3943762   
A2024-08-12T00:00:00.00Z       500     260.545929       +3.470186          0.2000          0.2000         +0.0145999     +0.0059385      +0.0099589      +0.0122166      +0.3253506   
A2024-08-09T02:24:00.00Z       500     258.647996       +4.516317          0.2000          0.2000         +0.0132088     +0.0045682      +0.0093133      +0.0104213      +0.2950394   
A2024-08-09T00:00:00.00Z       500     258.581592       +4.553233          0.2000          0.2000         +0.0169645     +0.0079634      +0.0109371      +0.0152181      +0.3461018   
A2024-08-06T02:24:00.00Z       500     256.625292       +5.647903          0.2000          0.2000         +0.0097838     +0.0049225      +0.0060957      +0.0090992      +0.1867441   
A2024-08-06T00:00:00.00Z       500     256.556725       +5.686475          0.2000          0.2000         +0.0076035     +0.0010614      +0.0060967      +0.0046659      +0.1865583   
A2024-08-03T02:24:00.00Z       500     254.532883       +6.828608          0.2000          0.2000         +0.0160982     +0.0074206      +0.0103183      +0.0144136      +0.3051076   
A2024-08-03T00:00:00.00Z       500     254.461808       +6.868792          0.2000          0.2000         +0.0140528     +0.0028051      +0.0108238      +0.0093912      +0.3196669   
A2024-07-31T02:24:00.00Z       500     252.359367       +8.056822          0.2000          0.2000         -0.0613573     -0.0121124      -0.0473194      -0.0408937      -1.3476497   
A2024-07-31T00:00:00.00Z       500     252.285371       +8.098561          0.2000          0.2000         -0.0545275     -0.0032895      -0.0457532      -0.0298449      -1.3013629   
A2024-07-28T02:24:00.00Z       500     250.091267       +9.330564          0.2000          0.2000         -0.0479295     -0.0058308      -0.0388436      -0.0286776      -1.0629261   
A2024-07-28T00:00:00.00Z       500     250.013854       +9.373778          0.2000          0.2000         -0.0586316     -0.0136030      -0.0443368      -0.0407058      -1.2115738   
A2024-07-25T02:24:00.00Z       500     247.712908       +10.647547         0.2000          0.2000         -0.0460171     -0.0087272      -0.0359322      -0.0300435      -0.9423523   
A2024-07-25T00:00:00.00Z       500     247.631529       +10.692161         0.2000          0.2000         -0.0553118     -0.0118294      -0.0425466      -0.0372708      -1.1141916   
A2024-07-22T02:24:00.00Z       500     245.206933       +12.005103         0.2000          0.2000         -0.0469534     -0.0142041      -0.0343943      -0.0349774      -0.8624436   
A2024-07-22T00:00:00.00Z       500     245.120992       +12.051017         0.2000          0.2000         -0.0371319     -0.0081506      -0.0286864      -0.0249461      -0.7182158   
A2024-07-19T02:24:00.00Z       500     242.554808       +13.399564         0.2000          0.2000         -0.0340264     -0.0165078      -0.0223101      -0.0305378      -0.5338405   
A2024-07-19T00:00:00.00Z       500     242.463658       +13.446622         0.2000          0.2000         -0.0420207     -0.0202765      -0.0276202      -0.0376032      -0.6598506   
A2024-07-18T02:24:00.00Z       500     241.634917       +13.871689         0.2000          0.2000         -0.0291032     -0.0116019      -0.0203741      -0.0238012      -0.4797869   
A2024-07-18T00:00:00.00Z       500     241.541883       +13.919083         0.2000          0.2000         -0.0361995     -0.0145202      -0.0253148      -0.0296715      -0.5951795   
A2024-07-17T02:24:00.00Z       500     240.695829       +14.347042         0.2000          0.2000         -0.0323082     -0.0197474      -0.0195886      -0.0324048      -0.4539023   
A2024-07-17T00:00:00.00Z       500     240.600833       +14.394744         0.2000          0.2000         -0.0359756     -0.0195908      -0.0229341      -0.0339421      -0.5305619   
A2024-07-16T02:24:00.00Z       500     239.73675        +14.825328         0.2000          0.2000         -0.0263796     -0.0177597      -0.0153919      -0.0278277      -0.3508890   
A2024-07-16T00:00:00.00Z       500     239.639708       +14.873306         0.2000          0.2000         -0.0359126     -0.0144180      -0.0254169      -0.0291817      -0.5784804   
A2024-07-15T02:24:00.00Z       500     238.75685        +15.306208         0.2000          0.2000         -0.0283383     -0.0159887      -0.0180998      -0.0270388      -0.4058860   
A2024-07-15T00:00:00.00Z       500     238.657683       +15.354425         0.2000          0.2000         -0.0265536     -0.0146008      -0.0171466      -0.0249855      -0.3838740   
A2024-07-14T02:24:00.00Z       500     237.755283       +15.789308         0.2000          0.2000         -0.0214478     -0.0207267      -0.0099887      -0.0281039      -0.2203050   
A2024-07-14T00:00:00.00Z       500      237.6539        +15.837725         0.2000          0.2000         -0.0241633     -0.0202881      -0.0126345      -0.0289109      -0.2781948   
A2024-07-13T02:24:00.00Z       500     236.731171       +16.274222         0.2000          0.2000         -0.0156735     -0.0168260      -0.0066984      -0.0219978      -0.1452827   
A2024-07-13T00:00:00.00Z       500     236.627483       +16.322794         0.2000          0.2000         -0.0236391     -0.0238502      -0.0107947      -0.0317980      -0.2337357   
A2024-07-12T02:24:00.00Z       500     235.683613       +16.760494         0.2000          0.2000         -0.0234217     -0.0245176      -0.0105123      -0.0322363      -0.2241872   
A2024-07-12T00:00:00.00Z       500     235.577533       +16.809181         0.2000          0.2000         -0.0232703     -0.0125713      -0.0155587      -0.0213886      -0.3312459   
A2024-07-11T02:24:00.00Z       500      234.6117        +17.247639         0.2000          0.2000         -0.0166633     -0.0147414      -0.0088007      -0.0204333      -0.1845219   
A2024-07-11T00:00:00.00Z       500     234.503133       +17.296381         0.2000          0.2000         -0.0163877     -0.0134958      -0.0090965      -0.0191820      -0.1903990   
A2024-07-10T02:24:00.00Z       500     233.514492       +17.735111         0.2000          0.2000         -0.0163073     -0.0146991      -0.0086567      -0.0201755      -0.1784241   
A2024-07-10T00:00:00.00Z       500     233.403346       +17.783853         0.2000          0.2000         -0.0083768     -0.0189579      +0.0003113      -0.0207238      +0.0064061   
A2024-07-09T02:24:00.00Z       500     232.391046       +18.222325         0.2000          0.2000         -0.0068768     -0.0190827      +0.0015734      -0.0202228      +0.0318771   
A2024-07-09T00:00:00.00Z       500     232.277221       +18.271008         0.2000          0.2000         -0.0071893     -0.0202565      +0.0017526      -0.0214228      +0.0354448   
A2024-07-08T02:24:00.00Z       500      231.2404        +18.708647         0.2000          0.2000         -0.0038729     -0.0173097      +0.0034298      -0.0174029      +0.0682956   
A2024-07-08T00:00:00.00Z       500      231.1238        +18.757203         0.2000          0.2000         -0.0118946     -0.0206132      -0.0026024      -0.0236561      -0.0517303   
A2024-07-07T02:24:00.00Z       500     230.061592       +19.193386         0.2000          0.2000         -0.0027710     -0.0151035      +0.0034105      -0.0149721      +0.0667419   
A2024-07-07T00:00:00.00Z       500     229.942125       +19.241744         0.2000          0.2000         -0.0032555     -0.0173437      +0.0038323      -0.0172255      +0.0748674   
A2024-07-06T02:24:00.00Z       500     228.853658       +19.675797         0.2000          0.2000         -0.0027105     -0.0186288      +0.0046788      -0.0182343      +0.0899828   
A2024-07-06T00:00:00.00Z       500     228.731225       +19.723881         0.2000          0.2000         -0.0050021     -0.0150334      +0.0011627      -0.0158010      +0.0223229   
A2024-07-05T02:24:00.00Z       500     227.615642       +20.155086         0.2000          0.2000         +0.0069110     -0.0139133      +0.0116348      -0.0102942      +0.2198930   
A2024-07-05T00:00:00.00Z       500     227.490146       +20.202808         0.2000          0.2000         -0.0027383     -0.0232098      +0.0061651      -0.0225430      +0.1163145   
A2024-07-04T02:24:00.00Z       500     226.346592       +20.630397         0.2000          0.2000         +0.0071371     -0.0134629      +0.0115696      -0.0099161      +0.2148761   
A2024-07-04T00:00:00.00Z       500     226.217942       +20.677675         0.2000          0.2000         -0.0011009     -0.0131750      +0.0037841      -0.0126678      +0.0701574   
A2024-07-03T02:24:00.00Z       500     225.045587       +21.100822         0.2000          0.2000         +0.0083769     -0.0219406      +0.0156320      -0.0175273      +0.2852980   
A2024-07-03T00:00:00.00Z       500     224.913692       +21.147561         0.2000          0.2000         +0.0006819     -0.0170276      +0.0066749      -0.0156796      +0.1216113   
A2024-07-02T02:24:00.00Z       500     223.711737       +21.565408         0.2000          0.2000         +0.0103446     -0.0136863      +0.0144287      -0.0092810      +0.2587862   
A2024-07-02T00:00:00.00Z       500     223.576512       +21.611506         0.2000          0.2000         +0.0085066     -0.0152392      +0.0132252      -0.0113882      +0.2367889   
A2024-07-01T02:24:00.00Z       500      222.3442        +22.023136         0.2000          0.2000         +0.0118054     -0.0112582      +0.0148833      -0.0066784      +0.2623412   
A2024-07-01T00:00:00.00Z       500     222.205562       +22.068489         0.2000          0.2000         +0.0087739     -0.0187824      +0.0145155      -0.0148007      +0.2554152   
A2024-06-30T02:24:00.00Z       500      220.9422        +22.472942         0.2000          0.2000         +0.0163004     -0.0124732      +0.0194455      -0.0065692      +0.3368828   
A2024-06-30T00:00:00.00Z       500     220.800075       +22.517444         0.2000          0.2000         +0.0103221     -0.0141287      +0.0143042      -0.0100774      +0.2473854   
A2024-06-29T02:24:00.00Z       500     219.505038       +22.913711         0.2000          0.2000         +0.0083827     -0.0142625      +0.0123826      -0.0109708      +0.2108726   
A2024-06-29T00:00:00.00Z       500     219.359367       +22.957247         0.2000          0.2000         +0.0165210     -0.0122775      +0.0194994      -0.0065920      +0.3315033   
A2024-06-28T02:24:00.00Z       500     218.032129       +23.344278         0.2000          0.2000         +0.0113107     -0.0112556      +0.0141396      -0.0073956      +0.2367381   
A2024-06-28T00:00:00.00Z       500     217.882854       +23.386728         0.2000          0.2000         +0.0162236     -0.0077618      +0.0177920      -0.0026263      +0.2973882   
A2024-06-27T02:24:00.00Z       500      216.523         +23.763425         0.2000          0.2000         +0.0115622     -0.0092578      +0.0137114      -0.0056026      +0.2257539   
A2024-06-27T00:00:00.00Z       500     216.370083       +23.804664         0.2000          0.2000         +0.0175684     -0.0066115      +0.0187198      -0.0013892      +0.3077036   
A2024-06-26T02:24:00.00Z       500     214.977329       +24.169886         0.2000          0.2000         +0.0174429     -0.0111666      +0.0198082      -0.0060484      +0.3208066   
A2024-06-26T00:00:00.00Z       500     214.820746       +24.209786         0.2000          0.2000         +0.0234979     -0.0052449      +0.0240435      +0.0012523      +0.3887661   
A2024-06-25T02:24:00.00Z       500     213.394954       +24.56235          0.2000          0.2000         +0.0183401     -0.0123542      +0.0208889      -0.0072551      +0.3328938   
A2024-06-25T00:00:00.00Z       500     213.234696       +24.600775         0.2000          0.2000         +0.0144858     -0.0113508      +0.0168954      -0.0072954      +0.2688238   
A2024-06-24T02:24:00.00Z       500     211.775904       +24.939461         0.2000          0.2000         +0.0189237     -0.0106221      +0.0209268      -0.0057448      +0.3282918   
A2024-06-24T00:00:00.00Z       500     211.611987       +24.976275         0.2000          0.2000         +0.0125293     -0.0075253      +0.0139678      -0.0043027      +0.2187824   
A2024-06-23T02:24:00.00Z       500     210.120412       +25.299822         0.2000          0.2000         +0.0190795     -0.0075880      +0.0203017      -0.0030740      +0.3136596   
A2024-06-23T00:00:00.00Z       500     209.952875       +25.334883         0.2000          0.2000         +0.0222769     -0.0037715      +0.0225546      +0.0013319      +0.3479464   
A2024-06-22T02:24:00.00Z       500     208.428933       +25.642003         0.2000          0.2000         +0.0175487     -0.0038623      +0.0179685      -0.0000731      +0.2735519   
A2024-06-22T00:00:00.00Z       500     208.257829       +25.675167         0.2000          0.2000         +0.0129503     +0.0023821      +0.0121643      +0.0050413      +0.1849223   
A2024-06-21T02:24:00.00Z       500     206.702162       +25.96455          0.2000          0.2000         +0.0239549     -0.0008400      +0.0236578      +0.0038539      +0.3551074   
A2024-06-21T00:00:00.00Z       500     206.527575       +25.995669         0.2000          0.2000         +0.0158517     +0.0013907      +0.0152822      +0.0044345      +0.2290727   
A2024-06-20T02:24:00.00Z       500     204.941033       +26.265997         0.2000          0.2000         +0.0181790     -0.0029148      +0.0184071      +0.0003897      +0.2725913   
A2024-06-20T00:00:00.00Z       500     204.763075       +26.294928         0.2000          0.2000         +0.0193915     +0.0079552      +0.0176709      +0.0112719      +0.2613463   
A2024-06-19T02:24:00.00Z       500     203.14675        +26.544889         0.2000          0.2000         +0.0221996     +0.0090854      +0.0204253      +0.0125767      +0.2986377   
A2024-06-19T00:00:00.00Z       500     202.96555        +26.571481         0.2000          0.2000         +0.0162192     +0.0073797      +0.0148189      +0.0098956      +0.2163992   
A2024-06-18T02:24:00.00Z       500     201.320767       +26.799781         0.2000          0.2000         +0.0159097     +0.0089117      +0.0144391      +0.0111377      +0.2085913   
A2024-06-18T00:00:00.00Z       500     201.136492       +26.823894         0.2000          0.2000         +0.0232174     +0.0009953      +0.0228312      +0.0043331      +0.3294451   
A2024-06-17T02:24:00.00Z       500     199.464817       +27.029281         0.2000          0.2000         +0.0208370     +0.0075994      +0.0196850      +0.0102194      +0.2812080   
A2024-06-17T00:00:00.00Z       500     199.277646       +27.050783         0.2000          0.2000         +0.0148246     +0.0091422      +0.0135431      +0.0109514      +0.1932611   
A2024-06-16T02:24:00.00Z       500     197.580883       +27.232058         0.2000          0.2000         +0.0082713     +0.0061326      +0.0075371      +0.0070153      +0.1065634   
A2024-06-16T00:00:00.00Z       500     197.391038       +27.250819         0.2000          0.2000         +0.0156494     +0.0127733      +0.0141556      +0.0144111      +0.1999426   
A2024-06-15T02:24:00.00Z       500     195.671229       +27.406869         0.2000          0.2000         +0.0131897     +0.0150001      +0.0117275      +0.0161690      +0.1642532   
A2024-06-15T00:00:00.00Z       500     195.478942       +27.422767         0.2000          0.2000         +0.0103943     +0.0161886      +0.0088637      +0.0170747      +0.1240335   
A2024-06-14T02:24:00.00Z       500     193.73835        +27.552569         0.2000          0.2000         +0.0035873     +0.0133139      +0.0025694      +0.0135472      +0.0356829   
A2024-06-14T00:00:00.00Z       500     193.543892        +27.5655          0.2000          0.2000         +0.0134752     +0.0207447      +0.0119059      +0.0216835      +0.1652146   
A2024-06-13T02:24:00.00Z       500     191.784996       +27.66815          0.2000          0.2000         +0.0034859     +0.0151155      +0.0026102      +0.0152911      +0.0359800   
A2024-06-13T00:00:00.00Z       500     191.588646       +27.678017         0.2000          0.2000         +0.0018365     +0.0159438      +0.0009451      +0.0160213      +0.0130180   
A2024-06-12T02:24:00.00Z       500     189.814125       +27.752747         0.2000          0.2000         +0.0066261     +0.0214922      +0.0057767      +0.0217359      +0.0791158   
A2024-06-12T00:00:00.00Z       500     189.616192       +27.759475         0.2000          0.2000         -0.0002237     +0.0257031      -0.0011863      +0.0256767      -0.0162373   
A2024-06-11T02:24:00.00Z       500     187.828883       +27.805656         0.2000          0.2000         -0.0053408     +0.0221245      -0.0058026      +0.0220079      -0.0790458   
A2024-06-11T00:00:00.00Z       500     187.629696       +27.809183         0.2000          0.2000         -0.0032832     +0.0242064      -0.0037446      +0.0241394      -0.0509856   
A2024-06-10T02:24:00.00Z       500     185.832592       +27.826358         0.2000          0.2000         -0.0018105     +0.0260508      -0.0018762      +0.0260462      -0.0254493   
A2024-06-10T00:00:00.00Z       500     185.632483       +27.826642         0.2000          0.2000         -0.0122417     +0.0250958      -0.0122587      +0.0250874      -0.1662198   
A2024-06-09T02:24:00.00Z       500     183.828679       +27.814522         0.2000          0.2000         -0.0139149     +0.0255678      -0.0135073      +0.0257854      -0.1826390   
A2024-06-09T00:00:00.00Z       500     183.628004       +27.811542         0.2000          0.2000         -0.0145139     +0.0246982      -0.0140743      +0.0249513      -0.1902567   
A2024-06-08T02:24:00.00Z       500     181.820671       +27.770025         0.2000          0.2000         -0.0212607     +0.0309686      -0.0201891      +0.0316776      -0.2724357   
A2024-06-08T00:00:00.00Z       500     181.619783       +27.763781         0.2000          0.2000         -0.0184064     +0.0341731      -0.0171633      +0.0348140      -0.2315721   
A2024-06-07T02:24:00.00Z       500     179.812129       +27.692947         0.2000          0.2000         -0.0226514     +0.0257885      -0.0212688      +0.0269401      -0.2867537   
A2024-06-07T00:00:00.00Z       500     179.611383       +27.683458         0.2000          0.2000         -0.0211763     +0.0286646      -0.0195911      +0.0297705      -0.2641276   
A2024-06-06T02:24:00.00Z       500     177.806604       +27.583594         0.2000          0.2000         -0.0312939     +0.0344968      -0.0287864      +0.0366153      -0.3882162   
A2024-06-06T00:00:00.00Z       500     177.606354        +27.5709          0.2000          0.2000         -0.0294551     +0.0306391      -0.0271653      +0.0326865      -0.3663866   
A2024-06-05T02:24:00.00Z       500     175.807604       +27.442472         0.2000          0.2000         -0.0352379     +0.0270965      -0.0327100      +0.0300997      -0.4417589   
A2024-06-05T00:00:00.00Z       500     175.608196       +27.426642         0.2000          0.2000         -0.0328090     +0.0375289      -0.0292988      +0.0403290      -0.3957715   

-----------------------------------------------------------Iteration Summary-----------------------------------------------------------
---------------------------------------------------------------------------------------------------------------------------------------
Summary of the orbit fit calculations after iteration 1 (of 3):
RMS unweighted: 7.724846005708393
RMS weighted: 0.057246425254259915
chi-squared: 2.5561794994254226
reduced chi-squared: 0.003306829882827196
square root of reduced chi-squared: 0.05750504223828721

Variable       Initial Value         Uncertainty        Fitted Value         Uncertainty              Change  Change (σ)
E          3.90397772897e-01   1.60999058362e-08   3.90397772985e-01   1.61004329406e-08  +8.82288686554e-11      +0.005
Q          1.00591882452e+00   2.79886140916e-08   1.00591882433e+00   2.79895876399e-08  -1.91983318132e-10      -0.007
TP         6.12146368733e+04   2.03626084258e-06   6.12146368732e+04   2.03635439475e-06  -9.43473423831e-08      -0.046
OM         2.14417070507e+02   1.55471046977e-05   2.14417070533e+02   1.55472795455e-05  +2.57016381511e-08      +0.002
W          3.59941369522e+02   1.46741700569e-05   3.59941369427e+02   1.46743171172e-05  -9.53040739660e-08      -0.006
I          1.06865327580e+01   5.05184924821e-07   1.06865327651e+01   5.05192185805e-07  +7.13691328258e-09      +0.014
A2         1.00424756743e-13   3.28755772253e-14   1.00435172506e-13   3.28755770890e-14  +1.04157629901e-17      +0.000

---------------------------------------------------------------------------------------------------------------------------------------
Summary of the orbit fit calculations after iteration 2 (of 3):
RMS unweighted: 1.4329833515923192
RMS weighted: 0.05703344617026695
chi-squared: 2.537194906004255
reduced chi-squared: 0.0032822702535630728
square root of reduced chi-squared: 0.05729110099800032

Variable       Initial Value         Uncertainty        Fitted Value         Uncertainty              Change  Change (σ)
E          3.90397772897e-01   1.60999058362e-08   3.90397772985e-01   1.61004329406e-08  +8.81974493439e-11      +0.005
Q          1.00591882452e+00   2.79886140916e-08   1.00591882433e+00   2.79895876399e-08  -1.91925364490e-10      -0.007
TP         6.12146368733e+04   2.03626084258e-06   6.12146368732e+04   2.03635439475e-06  -9.43400664255e-08      -0.046
OM         2.14417070507e+02   1.55471046977e-05   2.14417070533e+02   1.55472795455e-05  +2.57029455497e-08      +0.002
W          3.59941369522e+02   1.46741700569e-05   3.59941369427e+02   1.46743171172e-05  -9.52952063926e-08      -0.006
I          1.06865327580e+01   5.05184924821e-07   1.06865327651e+01   5.05192185805e-07  +7.13734849001e-09      +0.014
A2         1.00424756743e-13   3.28755772253e-14   1.00435169257e-13   3.28755770890e-14  +1.04125147669e-17      +0.000

---------------------------------------------------------------------------------------------------------------------------------------
Summary of the orbit fit calculations after iteration 3 (of 3):
RMS unweighted: 1.432386502670723
RMS weighted: 0.057033485770104975
chi-squared: 2.537198429289238
reduced chi-squared: 0.0032822748114996613
square root of reduced chi-squared: 0.057291140776734945

Variable       Initial Value         Uncertainty        Fitted Value         Uncertainty              Change  Change (σ)
E          3.90397772897e-01   1.60999058362e-08   3.90397772985e-01   1.61004329406e-08  +8.81637540751e-11      +0.005
Q          1.00591882452e+00   2.79886140916e-08   1.00591882433e+00   2.79895876399e-08  -1.91876514677e-10      -0.007
TP         6.12146368733e+04   2.03626084258e-06   6.12146368732e+04   2.03635439475e-06  -9.43618942983e-08      -0.046
OM         2.14417070507e+02   1.55471046977e-05   2.14417070533e+02   1.55472795455e-05  +2.56804355558e-08      +0.002
W          3.59941369522e+02   1.46741700569e-05   3.59941369427e+02   1.46743171172e-05  -9.52760501605e-08      -0.006
I          1.06865327580e+01   5.05184924821e-07   1.06865327651e+01   5.05192185805e-07  +7.13672498875e-09      +0.014
A2         1.00424756743e-13   3.28755772253e-14   1.00435166226e-13   3.28755770890e-14  +1.04094830899e-17      +0.000

---------------------------------------------------------------------------------------------------------------------------------------
Summary of the orbit fit calculations after postfit pass:
RMS unweighted: 1.4326127368429973
RMS weighted: 0.05703348570905708
chi-squared: 2.53719842385767
reduced chi-squared: 0.003282274804473053
square root of reduced chi-squared: 0.05729114071541125

Variable       Initial Value         Uncertainty        Fitted Value         Uncertainty              Change  Change (σ)
E          3.90397772897e-01   1.60999058362e-08   3.90397772985e-01   1.61004329406e-08  +8.81637540751e-11      +0.005
Q          1.00591882452e+00   2.79886140916e-08   1.00591882433e+00   2.79895876399e-08  -1.91876514677e-10      -0.007
TP         6.12146368733e+04   2.03626084258e-06   6.12146368732e+04   2.03635439475e-06  -9.43618942983e-08      -0.046
OM         2.14417070507e+02   1.55471046977e-05   2.14417070533e+02   1.55472795455e-05  +2.56804355558e-08      +0.002
W          3.59941369522e+02   1.46741700569e-05   3.59941369427e+02   1.46743171172e-05  -9.52760501605e-08      -0.006
I          1.06865327580e+01   5.05184924821e-07   1.06865327651e+01   5.05192185805e-07  +7.13672498875e-09      +0.014
A2         1.00424756743e-13   3.28755772253e-14   1.00435166226e-13   3.28755770890e-14  +1.04094830899e-17      +0.000

Mahalonobis distance between initial and final solution: 0.14
Mahalonobis distance between final and initial solution: 0.14
Bhattacharya distance between initial and final solution: 0.0000
Bhattacharya coefficient between initial and final solution: 1.0000
---------------------------------------------------------------------------------------------------------------------------------------
=======================================================================================================================================
============================================================= END OF FILE =============================================================
=======================================================================================================================================
