2026-05-05 15:02:45  INFO      ======================================================================
2026-05-05 15:02:45  INFO      Nuclear Standoff Deflection MC Pipeline  v2 (live solid angle)
2026-05-05 15:02:45  INFO      ======================================================================
2026-05-05 15:02:45  INFO      Configuration loaded:
2026-05-05 15:02:45  INFO        NUM_SAMPLES=100000  NUM_THREADS=64  RANDOM_SEED=42
2026-05-05 15:02:45  INFO        T_BLAST=2033-11-01  T_END=2041-04-25
2026-05-05 15:02:45  INFO        Y_MT=1.00  H_STANDOFF=1100 m  ETA=0.050  V_EJ=2000 m/s
2026-05-05 15:02:45  INFO      ----------------------------------------------------------------------
2026-05-05 15:02:45  INFO      STEP 1 — Loading physical-property MC (ellipsoid shape realizations)
2026-05-05 15:02:45  INFO        CSV rows           : 5000
2026-05-05 15:02:45  INFO        Mean semi-axes     : a=119.1 m  b=119.1 m  c=238.4 m
2026-05-05 15:02:45  INFO        r_burst (nominal)  : 1175.0 m
2026-05-05 15:02:45  INFO        Ω (nominal shape)  : 0.06461 sr
2026-05-05 15:02:45  INFO        Ω dist (CSV)       : mean=0.06460  std=0.00332  (5.1%)
2026-05-05 15:02:45  INFO        f_geo (solid angle): 0.005142
2026-05-05 15:02:45  INFO        f_geo (sphere leg.): 0.001020  → solid-angle is 5.04× larger
2026-05-05 15:02:45  INFO        Ω vs surface distance (broadside, LOS ∥ a-axis):
2026-05-05 15:02:45  INFO         d_surf [km]   mean Ω [sr]    5th %ile   95th %ile
2026-05-05 15:02:45  INFO                 0.5       0.23281     0.21065     0.25663
2026-05-05 15:02:45  INFO                 1.0       0.07123     0.06496     0.07808
2026-05-05 15:02:45  INFO                 2.0       0.01986     0.01818     0.02171
2026-05-05 15:02:45  INFO                 5.0       0.00340     0.00312     0.00371
2026-05-05 15:02:45  INFO                10.0       0.00087     0.00080     0.00095
2026-05-05 15:02:45  INFO        Step 1 completed in 0.03 s
2026-05-05 15:02:45  INFO      ----------------------------------------------------------------------
2026-05-05 15:02:45  INFO      STEP 2 — Loading OD solution and covariance
2026-05-05 15:02:45  INFO        OD epoch   : MJD 61002.00
2026-05-05 15:02:45  INFO        Blast date : 2033-11-01  (MJD 63902.00)
2026-05-05 15:02:45  INFO        End epoch  : 2041-04-25  (MJD 66634.00)
2026-05-05 15:02:45  INFO        Covariance matrix shape: (7, 7)
2026-05-05 15:02:45  INFO        Step 2 completed in 0.01 s
2026-05-05 15:02:45  INFO      ----------------------------------------------------------------------
2026-05-05 15:02:45  INFO      STEP 3 — Sampling 100000 orbital clones from OD covariance
2026-05-05 15:02:45  INFO        Elements sampled : ['e', 'q', 'tp', 'om', 'w', 'i', 'a2']
2026-05-05 15:02:45  INFO        Sample array shape: (100000, 7)
2026-05-05 15:02:45  INFO        Step 3 completed in 0.19 s
2026-05-05 15:02:45  INFO      ----------------------------------------------------------------------
2026-05-05 15:02:45  INFO      STEP 4 — Propagating 100000 clones to blast epoch
2026-05-05 15:02:45  INFO        Computing nominal state at t_blast ...
2026-05-05 15:02:45  INFO        Nominal pos at blast: [1.98566514 1.01885165 0.48148589] AU
2026-05-05 15:02:45  INFO        Computing 100000 clone states ...
2026-05-05 15:02:45  INFO          Clone 0/100000  (elapsed 0.1 s)
2026-05-05 15:02:55  INFO          Clone 200/100000  (elapsed 9.9 s)
2026-05-05 15:03:05  INFO          Clone 400/100000  (elapsed 19.3 s)
2026-05-05 15:03:14  INFO          Clone 600/100000  (elapsed 29.0 s)
2026-05-05 15:03:24  INFO          Clone 800/100000  (elapsed 38.4 s)
2026-05-05 15:03:33  INFO          Clone 1000/100000  (elapsed 47.8 s)
2026-05-05 15:03:42  INFO          Clone 1200/100000  (elapsed 57.1 s)
2026-05-05 15:03:52  INFO          Clone 1400/100000  (elapsed 66.5 s)
2026-05-05 15:04:01  INFO          Clone 1600/100000  (elapsed 76.0 s)
2026-05-05 15:04:10  INFO          Clone 1800/100000  (elapsed 85.2 s)
2026-05-05 15:04:20  INFO          Clone 2000/100000  (elapsed 94.5 s)
2026-05-05 15:04:29  INFO          Clone 2200/100000  (elapsed 103.8 s)
2026-05-05 15:04:38  INFO          Clone 2400/100000  (elapsed 113.1 s)
2026-05-05 15:04:48  INFO          Clone 2600/100000  (elapsed 122.4 s)
2026-05-05 15:04:57  INFO          Clone 2800/100000  (elapsed 131.7 s)
2026-05-05 15:05:06  INFO          Clone 3000/100000  (elapsed 141.2 s)
2026-05-05 15:05:16  INFO          Clone 3200/100000  (elapsed 150.9 s)
2026-05-05 15:05:25  INFO          Clone 3400/100000  (elapsed 160.3 s)
2026-05-05 15:05:35  INFO          Clone 3600/100000  (elapsed 169.6 s)
2026-05-05 15:05:44  INFO          Clone 3800/100000  (elapsed 179.0 s)
2026-05-05 15:05:54  INFO          Clone 4000/100000  (elapsed 188.4 s)
2026-05-05 15:06:03  INFO          Clone 4200/100000  (elapsed 197.8 s)
2026-05-05 15:06:12  INFO          Clone 4400/100000  (elapsed 207.2 s)
2026-05-05 15:06:22  INFO          Clone 4600/100000  (elapsed 216.5 s)
2026-05-05 15:06:31  INFO          Clone 4800/100000  (elapsed 225.9 s)
2026-05-05 15:06:40  INFO          Clone 5000/100000  (elapsed 235.3 s)
2026-05-05 15:06:50  INFO          Clone 5200/100000  (elapsed 244.6 s)
2026-05-05 15:06:59  INFO          Clone 5400/100000  (elapsed 254.0 s)
2026-05-05 15:07:09  INFO          Clone 5600/100000  (elapsed 263.4 s)
2026-05-05 15:07:18  INFO          Clone 5800/100000  (elapsed 273.1 s)
2026-05-05 15:07:28  INFO          Clone 6000/100000  (elapsed 282.3 s)
2026-05-05 15:07:37  INFO          Clone 6200/100000  (elapsed 291.6 s)
2026-05-05 15:07:46  INFO          Clone 6400/100000  (elapsed 301.2 s)
2026-05-05 15:07:56  INFO          Clone 6600/100000  (elapsed 310.9 s)
2026-05-05 15:08:06  INFO          Clone 6800/100000  (elapsed 320.4 s)
2026-05-05 15:08:15  INFO          Clone 7000/100000  (elapsed 329.8 s)
2026-05-05 15:08:24  INFO          Clone 7200/100000  (elapsed 339.2 s)
2026-05-05 15:08:34  INFO          Clone 7400/100000  (elapsed 348.6 s)
2026-05-05 15:08:43  INFO          Clone 7600/100000  (elapsed 357.9 s)
2026-05-05 15:08:52  INFO          Clone 7800/100000  (elapsed 367.3 s)
2026-05-05 15:09:02  INFO          Clone 8000/100000  (elapsed 376.7 s)
2026-05-05 15:09:11  INFO          Clone 8200/100000  (elapsed 386.1 s)
2026-05-05 15:09:21  INFO          Clone 8400/100000  (elapsed 395.8 s)
2026-05-05 15:09:30  INFO          Clone 8600/100000  (elapsed 405.1 s)
2026-05-05 15:09:40  INFO          Clone 8800/100000  (elapsed 414.4 s)
2026-05-05 15:09:49  INFO          Clone 9000/100000  (elapsed 423.8 s)
2026-05-05 15:09:58  INFO          Clone 9200/100000  (elapsed 433.0 s)
2026-05-05 15:10:08  INFO          Clone 9400/100000  (elapsed 442.6 s)
2026-05-05 15:10:17  INFO          Clone 9600/100000  (elapsed 451.9 s)
2026-05-05 15:10:26  INFO          Clone 9800/100000  (elapsed 461.3 s)
2026-05-05 15:10:36  INFO          Clone 10000/100000  (elapsed 470.6 s)
2026-05-05 15:10:45  INFO          Clone 10200/100000  (elapsed 480.0 s)
2026-05-05 15:10:55  INFO          Clone 10400/100000  (elapsed 489.4 s)
2026-05-05 15:11:04  INFO          Clone 10600/100000  (elapsed 498.8 s)
2026-05-05 15:11:13  INFO          Clone 10800/100000  (elapsed 508.1 s)
2026-05-05 15:11:23  INFO          Clone 11000/100000  (elapsed 517.7 s)
2026-05-05 15:11:32  INFO          Clone 11200/100000  (elapsed 526.9 s)
2026-05-05 15:11:41  INFO          Clone 11400/100000  (elapsed 536.2 s)
2026-05-05 15:11:51  INFO          Clone 11600/100000  (elapsed 545.5 s)
2026-05-05 15:12:00  INFO          Clone 11800/100000  (elapsed 554.7 s)
2026-05-05 15:12:10  INFO          Clone 12000/100000  (elapsed 564.3 s)
2026-05-05 15:12:19  INFO          Clone 12200/100000  (elapsed 573.7 s)
2026-05-05 15:12:28  INFO          Clone 12400/100000  (elapsed 583.0 s)
2026-05-05 15:12:37  INFO          Clone 12600/100000  (elapsed 592.3 s)
2026-05-05 15:12:47  INFO          Clone 12800/100000  (elapsed 601.6 s)
2026-05-05 15:12:56  INFO          Clone 13000/100000  (elapsed 611.0 s)
2026-05-05 15:13:05  INFO          Clone 13200/100000  (elapsed 620.3 s)
2026-05-05 15:13:15  INFO          Clone 13400/100000  (elapsed 629.6 s)
2026-05-05 15:13:24  INFO          Clone 13600/100000  (elapsed 639.1 s)
2026-05-05 15:13:34  INFO          Clone 13800/100000  (elapsed 648.4 s)
2026-05-05 15:13:43  INFO          Clone 14000/100000  (elapsed 657.9 s)
2026-05-05 15:13:52  INFO          Clone 14200/100000  (elapsed 667.3 s)
2026-05-05 15:14:02  INFO          Clone 14400/100000  (elapsed 676.8 s)
2026-05-05 15:14:11  INFO          Clone 14600/100000  (elapsed 686.2 s)
2026-05-05 15:14:21  INFO          Clone 14800/100000  (elapsed 695.5 s)
2026-05-05 15:14:30  INFO          Clone 15000/100000  (elapsed 704.9 s)
2026-05-05 15:14:39  INFO          Clone 15200/100000  (elapsed 714.2 s)
2026-05-05 15:14:49  INFO          Clone 15400/100000  (elapsed 723.5 s)
2026-05-05 15:14:58  INFO          Clone 15600/100000  (elapsed 732.8 s)
2026-05-05 15:15:08  INFO          Clone 15800/100000  (elapsed 742.4 s)
2026-05-05 15:15:17  INFO          Clone 16000/100000  (elapsed 751.7 s)
2026-05-05 15:15:26  INFO          Clone 16200/100000  (elapsed 761.1 s)
2026-05-05 15:15:36  INFO          Clone 16400/100000  (elapsed 770.6 s)
2026-05-05 15:15:45  INFO          Clone 16600/100000  (elapsed 779.9 s)
2026-05-05 15:15:54  INFO          Clone 16800/100000  (elapsed 789.2 s)
2026-05-05 15:16:04  INFO          Clone 17000/100000  (elapsed 798.8 s)
2026-05-05 15:16:13  INFO          Clone 17200/100000  (elapsed 808.2 s)
2026-05-05 15:16:23  INFO          Clone 17400/100000  (elapsed 817.6 s)
2026-05-05 15:16:32  INFO          Clone 17600/100000  (elapsed 826.9 s)
2026-05-05 15:16:42  INFO          Clone 17800/100000  (elapsed 836.4 s)
2026-05-05 15:16:51  INFO          Clone 18000/100000  (elapsed 845.8 s)
2026-05-05 15:17:00  INFO          Clone 18200/100000  (elapsed 855.2 s)
2026-05-05 15:17:10  INFO          Clone 18400/100000  (elapsed 864.6 s)
2026-05-05 15:17:19  INFO          Clone 18600/100000  (elapsed 874.1 s)
2026-05-05 15:17:29  INFO          Clone 18800/100000  (elapsed 883.6 s)
2026-05-05 15:17:38  INFO          Clone 19000/100000  (elapsed 893.3 s)
2026-05-05 15:17:48  INFO          Clone 19200/100000  (elapsed 902.7 s)
2026-05-05 15:17:57  INFO          Clone 19400/100000  (elapsed 912.1 s)
2026-05-05 15:18:07  INFO          Clone 19600/100000  (elapsed 921.6 s)
2026-05-05 15:18:16  INFO          Clone 19800/100000  (elapsed 930.9 s)
2026-05-05 15:18:25  INFO          Clone 20000/100000  (elapsed 940.2 s)
2026-05-05 15:18:35  INFO          Clone 20200/100000  (elapsed 949.5 s)
2026-05-05 15:18:44  INFO          Clone 20400/100000  (elapsed 959.0 s)
2026-05-05 15:18:53  INFO          Clone 20600/100000  (elapsed 968.2 s)
2026-05-05 15:19:03  INFO          Clone 20800/100000  (elapsed 977.8 s)
2026-05-05 15:19:13  INFO          Clone 21000/100000  (elapsed 987.4 s)
2026-05-05 15:19:22  INFO          Clone 21200/100000  (elapsed 996.8 s)
2026-05-05 15:19:31  INFO          Clone 21400/100000  (elapsed 1006.1 s)
2026-05-05 15:19:41  INFO          Clone 21600/100000  (elapsed 1015.7 s)
2026-05-05 15:19:50  INFO          Clone 21800/100000  (elapsed 1025.0 s)
2026-05-05 15:20:00  INFO          Clone 22000/100000  (elapsed 1034.4 s)
2026-05-05 15:20:09  INFO          Clone 22200/100000  (elapsed 1043.8 s)
2026-05-05 15:20:18  INFO          Clone 22400/100000  (elapsed 1053.1 s)
2026-05-05 15:20:28  INFO          Clone 22600/100000  (elapsed 1062.5 s)
2026-05-05 15:20:37  INFO          Clone 22800/100000  (elapsed 1071.9 s)
2026-05-05 15:20:46  INFO          Clone 23000/100000  (elapsed 1081.2 s)
2026-05-05 15:20:56  INFO          Clone 23200/100000  (elapsed 1090.6 s)
2026-05-05 15:21:05  INFO          Clone 23400/100000  (elapsed 1100.0 s)
2026-05-05 15:21:15  INFO          Clone 23600/100000  (elapsed 1109.4 s)
2026-05-05 15:21:24  INFO          Clone 23800/100000  (elapsed 1118.8 s)
2026-05-05 15:21:33  INFO          Clone 24000/100000  (elapsed 1128.2 s)
2026-05-05 15:21:43  INFO          Clone 24200/100000  (elapsed 1137.9 s)
2026-05-05 15:21:52  INFO          Clone 24400/100000  (elapsed 1147.3 s)
2026-05-05 15:22:02  INFO          Clone 24600/100000  (elapsed 1156.9 s)
2026-05-05 15:22:11  INFO          Clone 24800/100000  (elapsed 1166.2 s)
2026-05-05 15:22:21  INFO          Clone 25000/100000  (elapsed 1175.5 s)
2026-05-05 15:22:30  INFO          Clone 25200/100000  (elapsed 1184.8 s)
2026-05-05 15:22:39  INFO          Clone 25400/100000  (elapsed 1194.2 s)
2026-05-05 15:22:49  INFO          Clone 25600/100000  (elapsed 1203.5 s)
2026-05-05 15:22:58  INFO          Clone 25800/100000  (elapsed 1212.9 s)
2026-05-05 15:23:08  INFO          Clone 26000/100000  (elapsed 1222.4 s)
2026-05-05 15:23:17  INFO          Clone 26200/100000  (elapsed 1231.9 s)
2026-05-05 15:23:26  INFO          Clone 26400/100000  (elapsed 1241.3 s)
2026-05-05 15:23:36  INFO          Clone 26600/100000  (elapsed 1250.7 s)
2026-05-05 15:23:46  INFO          Clone 26800/100000  (elapsed 1260.4 s)
2026-05-05 15:23:55  INFO          Clone 27000/100000  (elapsed 1269.8 s)
2026-05-05 15:24:04  INFO          Clone 27200/100000  (elapsed 1279.2 s)
2026-05-05 15:24:14  INFO          Clone 27400/100000  (elapsed 1288.8 s)
2026-05-05 15:24:23  INFO          Clone 27600/100000  (elapsed 1298.1 s)
2026-05-05 15:24:33  INFO          Clone 27800/100000  (elapsed 1307.5 s)
2026-05-05 15:24:42  INFO          Clone 28000/100000  (elapsed 1317.0 s)
2026-05-05 15:24:52  INFO          Clone 28200/100000  (elapsed 1326.5 s)
2026-05-05 15:25:01  INFO          Clone 28400/100000  (elapsed 1335.9 s)
2026-05-05 15:25:10  INFO          Clone 28600/100000  (elapsed 1345.3 s)
2026-05-05 15:25:20  INFO          Clone 28800/100000  (elapsed 1354.8 s)
2026-05-05 15:25:29  INFO          Clone 29000/100000  (elapsed 1364.0 s)
2026-05-05 15:25:39  INFO          Clone 29200/100000  (elapsed 1373.5 s)
2026-05-05 15:25:48  INFO          Clone 29400/100000  (elapsed 1383.2 s)
2026-05-05 15:25:58  INFO          Clone 29600/100000  (elapsed 1392.6 s)
2026-05-05 15:26:07  INFO          Clone 29800/100000  (elapsed 1402.0 s)
2026-05-05 15:26:16  INFO          Clone 30000/100000  (elapsed 1411.3 s)
2026-05-05 15:26:26  INFO          Clone 30200/100000  (elapsed 1420.7 s)
2026-05-05 15:26:35  INFO          Clone 30400/100000  (elapsed 1429.9 s)
2026-05-05 15:26:45  INFO          Clone 30600/100000  (elapsed 1439.3 s)
2026-05-05 15:26:54  INFO          Clone 30800/100000  (elapsed 1448.6 s)
2026-05-05 15:27:03  INFO          Clone 31000/100000  (elapsed 1458.1 s)
2026-05-05 15:27:13  INFO          Clone 31200/100000  (elapsed 1467.6 s)
2026-05-05 15:27:22  INFO          Clone 31400/100000  (elapsed 1477.2 s)
2026-05-05 15:27:32  INFO          Clone 31600/100000  (elapsed 1486.5 s)
2026-05-05 15:27:41  INFO          Clone 31800/100000  (elapsed 1496.0 s)
2026-05-05 15:27:51  INFO          Clone 32000/100000  (elapsed 1505.7 s)
2026-05-05 15:28:00  INFO          Clone 32200/100000  (elapsed 1515.1 s)
2026-05-05 15:28:10  INFO          Clone 32400/100000  (elapsed 1524.4 s)
2026-05-05 15:28:19  INFO          Clone 32600/100000  (elapsed 1533.6 s)
2026-05-05 15:28:28  INFO          Clone 32800/100000  (elapsed 1542.9 s)
2026-05-05 15:28:37  INFO          Clone 33000/100000  (elapsed 1552.2 s)
2026-05-05 15:28:47  INFO          Clone 33200/100000  (elapsed 1561.5 s)
2026-05-05 15:28:56  INFO          Clone 33400/100000  (elapsed 1570.8 s)
2026-05-05 15:29:05  INFO          Clone 33600/100000  (elapsed 1580.2 s)
2026-05-05 15:29:15  INFO          Clone 33800/100000  (elapsed 1589.5 s)
2026-05-05 15:29:24  INFO          Clone 34000/100000  (elapsed 1598.8 s)
2026-05-05 15:29:33  INFO          Clone 34200/100000  (elapsed 1608.0 s)
2026-05-05 15:29:42  INFO          Clone 34400/100000  (elapsed 1617.3 s)
2026-05-05 15:29:52  INFO          Clone 34600/100000  (elapsed 1626.6 s)
2026-05-05 15:30:01  INFO          Clone 34800/100000  (elapsed 1636.2 s)
2026-05-05 15:30:11  INFO          Clone 35000/100000  (elapsed 1645.6 s)
2026-05-05 15:30:20  INFO          Clone 35200/100000  (elapsed 1654.9 s)
2026-05-05 15:30:29  INFO          Clone 35400/100000  (elapsed 1664.1 s)
2026-05-05 15:30:39  INFO          Clone 35600/100000  (elapsed 1673.4 s)
2026-05-05 15:30:48  INFO          Clone 35800/100000  (elapsed 1682.7 s)
2026-05-05 15:30:57  INFO          Clone 36000/100000  (elapsed 1691.9 s)
2026-05-05 15:31:07  INFO          Clone 36200/100000  (elapsed 1701.5 s)
2026-05-05 15:31:16  INFO          Clone 36400/100000  (elapsed 1710.8 s)
2026-05-05 15:31:25  INFO          Clone 36600/100000  (elapsed 1720.1 s)
2026-05-05 15:31:35  INFO          Clone 36800/100000  (elapsed 1729.4 s)
2026-05-05 15:31:44  INFO          Clone 37000/100000  (elapsed 1738.6 s)
2026-05-05 15:31:53  INFO          Clone 37200/100000  (elapsed 1748.0 s)
2026-05-05 15:32:03  INFO          Clone 37400/100000  (elapsed 1757.6 s)
2026-05-05 15:32:12  INFO          Clone 37600/100000  (elapsed 1767.0 s)
2026-05-05 15:32:21  INFO          Clone 37800/100000  (elapsed 1776.3 s)
2026-05-05 15:32:31  INFO          Clone 38000/100000  (elapsed 1785.5 s)
2026-05-05 15:32:40  INFO          Clone 38200/100000  (elapsed 1794.8 s)
2026-05-05 15:32:49  INFO          Clone 38400/100000  (elapsed 1804.1 s)
2026-05-05 15:32:58  INFO          Clone 38600/100000  (elapsed 1813.3 s)
2026-05-05 15:33:08  INFO          Clone 38800/100000  (elapsed 1822.6 s)
2026-05-05 15:33:17  INFO          Clone 39000/100000  (elapsed 1831.9 s)
2026-05-05 15:33:26  INFO          Clone 39200/100000  (elapsed 1841.1 s)
2026-05-05 15:33:36  INFO          Clone 39400/100000  (elapsed 1850.4 s)
2026-05-05 15:33:45  INFO          Clone 39600/100000  (elapsed 1859.7 s)
2026-05-05 15:33:54  INFO          Clone 39800/100000  (elapsed 1869.1 s)
2026-05-05 15:34:04  INFO          Clone 40000/100000  (elapsed 1878.7 s)
2026-05-05 15:34:13  INFO          Clone 40200/100000  (elapsed 1888.1 s)
2026-05-05 15:34:23  INFO          Clone 40400/100000  (elapsed 1897.3 s)
2026-05-05 15:34:32  INFO          Clone 40600/100000  (elapsed 1906.6 s)
2026-05-05 15:34:41  INFO          Clone 40800/100000  (elapsed 1915.9 s)
2026-05-05 15:34:50  INFO          Clone 41000/100000  (elapsed 1925.2 s)
2026-05-05 15:35:00  INFO          Clone 41200/100000  (elapsed 1934.5 s)
2026-05-05 15:35:09  INFO          Clone 41400/100000  (elapsed 1943.9 s)
2026-05-05 15:35:18  INFO          Clone 41600/100000  (elapsed 1953.2 s)
2026-05-05 15:35:28  INFO          Clone 41800/100000  (elapsed 1962.5 s)
2026-05-05 15:35:37  INFO          Clone 42000/100000  (elapsed 1971.8 s)
2026-05-05 15:35:46  INFO          Clone 42200/100000  (elapsed 1981.1 s)
2026-05-05 15:35:56  INFO          Clone 42400/100000  (elapsed 1990.3 s)
2026-05-05 15:36:05  INFO          Clone 42600/100000  (elapsed 1999.9 s)
2026-05-05 15:36:14  INFO          Clone 42800/100000  (elapsed 2009.2 s)
2026-05-05 15:36:24  INFO          Clone 43000/100000  (elapsed 2018.6 s)
2026-05-05 15:36:33  INFO          Clone 43200/100000  (elapsed 2027.8 s)
2026-05-05 15:36:42  INFO          Clone 43400/100000  (elapsed 2037.1 s)
2026-05-05 15:36:52  INFO          Clone 43600/100000  (elapsed 2046.5 s)
2026-05-05 15:37:01  INFO          Clone 43800/100000  (elapsed 2056.0 s)
2026-05-05 15:37:10  INFO          Clone 44000/100000  (elapsed 2065.3 s)
2026-05-05 15:37:20  INFO          Clone 44200/100000  (elapsed 2074.9 s)
2026-05-05 15:37:29  INFO          Clone 44400/100000  (elapsed 2084.2 s)
2026-05-05 15:37:39  INFO          Clone 44600/100000  (elapsed 2093.5 s)
2026-05-05 15:37:48  INFO          Clone 44800/100000  (elapsed 2103.0 s)
2026-05-05 15:37:58  INFO          Clone 45000/100000  (elapsed 2112.3 s)
2026-05-05 15:38:07  INFO          Clone 45200/100000  (elapsed 2122.3 s)
2026-05-05 15:38:17  INFO          Clone 45400/100000  (elapsed 2131.6 s)
2026-05-05 15:38:26  INFO          Clone 45600/100000  (elapsed 2141.0 s)
2026-05-05 15:38:36  INFO          Clone 45800/100000  (elapsed 2150.4 s)
2026-05-05 15:38:45  INFO          Clone 46000/100000  (elapsed 2159.8 s)
2026-05-05 15:38:54  INFO          Clone 46200/100000  (elapsed 2169.2 s)
2026-05-05 15:39:04  INFO          Clone 46400/100000  (elapsed 2178.6 s)
2026-05-05 15:39:13  INFO          Clone 46600/100000  (elapsed 2187.9 s)
2026-05-05 15:39:22  INFO          Clone 46800/100000  (elapsed 2197.2 s)
2026-05-05 15:39:32  INFO          Clone 47000/100000  (elapsed 2206.5 s)
2026-05-05 15:39:41  INFO          Clone 47200/100000  (elapsed 2216.1 s)
2026-05-05 15:39:51  INFO          Clone 47400/100000  (elapsed 2225.4 s)
2026-05-05 15:40:00  INFO          Clone 47600/100000  (elapsed 2234.7 s)
2026-05-05 15:40:10  INFO          Clone 47800/100000  (elapsed 2244.4 s)
2026-05-05 15:40:19  INFO          Clone 48000/100000  (elapsed 2253.9 s)
2026-05-05 15:40:28  INFO          Clone 48200/100000  (elapsed 2263.2 s)
2026-05-05 15:40:38  INFO          Clone 48400/100000  (elapsed 2272.5 s)
2026-05-05 15:40:47  INFO          Clone 48600/100000  (elapsed 2281.8 s)
2026-05-05 15:40:56  INFO          Clone 48800/100000  (elapsed 2291.3 s)
2026-05-05 15:41:06  INFO          Clone 49000/100000  (elapsed 2300.8 s)
2026-05-05 15:41:15  INFO          Clone 49200/100000  (elapsed 2310.2 s)
2026-05-05 15:41:25  INFO          Clone 49400/100000  (elapsed 2319.5 s)
2026-05-05 15:41:34  INFO          Clone 49600/100000  (elapsed 2328.8 s)
2026-05-05 15:41:43  INFO          Clone 49800/100000  (elapsed 2338.2 s)
2026-05-05 15:41:53  INFO          Clone 50000/100000  (elapsed 2347.5 s)
2026-05-05 15:42:02  INFO          Clone 50200/100000  (elapsed 2357.0 s)
2026-05-05 15:42:12  INFO          Clone 50400/100000  (elapsed 2366.4 s)
2026-05-05 15:42:21  INFO          Clone 50600/100000  (elapsed 2375.8 s)
2026-05-05 15:42:30  INFO          Clone 50800/100000  (elapsed 2385.1 s)
2026-05-05 15:42:40  INFO          Clone 51000/100000  (elapsed 2394.4 s)
2026-05-05 15:42:49  INFO          Clone 51200/100000  (elapsed 2403.7 s)
2026-05-05 15:42:58  INFO          Clone 51400/100000  (elapsed 2413.2 s)
2026-05-05 15:43:08  INFO          Clone 51600/100000  (elapsed 2422.6 s)
2026-05-05 15:43:17  INFO          Clone 51800/100000  (elapsed 2432.1 s)
2026-05-05 15:43:27  INFO          Clone 52000/100000  (elapsed 2441.5 s)
2026-05-05 15:43:36  INFO          Clone 52200/100000  (elapsed 2450.9 s)
2026-05-05 15:43:45  INFO          Clone 52400/100000  (elapsed 2460.3 s)
2026-05-05 15:43:55  INFO          Clone 52600/100000  (elapsed 2469.6 s)
2026-05-05 15:44:04  INFO          Clone 52800/100000  (elapsed 2479.0 s)
2026-05-05 15:44:13  INFO          Clone 53000/100000  (elapsed 2488.3 s)
2026-05-05 15:44:23  INFO          Clone 53200/100000  (elapsed 2498.1 s)
2026-05-05 15:44:33  INFO          Clone 53400/100000  (elapsed 2507.5 s)
2026-05-05 15:44:42  INFO          Clone 53600/100000  (elapsed 2517.0 s)
2026-05-05 15:44:52  INFO          Clone 53800/100000  (elapsed 2526.4 s)
2026-05-05 15:45:01  INFO          Clone 54000/100000  (elapsed 2535.9 s)
2026-05-05 15:45:10  INFO          Clone 54200/100000  (elapsed 2545.2 s)
2026-05-05 15:45:20  INFO          Clone 54400/100000  (elapsed 2554.5 s)
2026-05-05 15:45:29  INFO          Clone 54600/100000  (elapsed 2563.8 s)
2026-05-05 15:45:39  INFO          Clone 54800/100000  (elapsed 2573.3 s)
2026-05-05 15:45:48  INFO          Clone 55000/100000  (elapsed 2582.6 s)
2026-05-05 15:45:57  INFO          Clone 55200/100000  (elapsed 2591.9 s)
2026-05-05 15:46:07  INFO          Clone 55400/100000  (elapsed 2601.4 s)
2026-05-05 15:46:16  INFO          Clone 55600/100000  (elapsed 2610.7 s)
2026-05-05 15:46:26  INFO          Clone 55800/100000  (elapsed 2620.4 s)
2026-05-05 15:46:35  INFO          Clone 56000/100000  (elapsed 2629.7 s)
2026-05-05 15:46:44  INFO          Clone 56200/100000  (elapsed 2639.1 s)
2026-05-05 15:46:54  INFO          Clone 56400/100000  (elapsed 2648.4 s)
2026-05-05 15:47:04  INFO          Clone 56600/100000  (elapsed 2658.5 s)
2026-05-05 15:47:14  INFO          Clone 56800/100000  (elapsed 2668.3 s)
2026-05-05 15:47:23  INFO          Clone 57000/100000  (elapsed 2678.0 s)
2026-05-05 15:47:33  INFO          Clone 57200/100000  (elapsed 2687.6 s)
2026-05-05 15:47:42  INFO          Clone 57400/100000  (elapsed 2697.3 s)
2026-05-05 15:47:52  INFO          Clone 57600/100000  (elapsed 2706.7 s)
2026-05-05 15:48:01  INFO          Clone 57800/100000  (elapsed 2716.3 s)
2026-05-05 15:48:11  INFO          Clone 58000/100000  (elapsed 2725.5 s)
2026-05-05 15:48:20  INFO          Clone 58200/100000  (elapsed 2734.9 s)
2026-05-05 15:48:30  INFO          Clone 58400/100000  (elapsed 2744.5 s)
2026-05-05 15:48:39  INFO          Clone 58600/100000  (elapsed 2753.8 s)
2026-05-05 15:48:48  INFO          Clone 58800/100000  (elapsed 2763.1 s)
2026-05-05 15:48:58  INFO          Clone 59000/100000  (elapsed 2772.5 s)
2026-05-05 15:49:07  INFO          Clone 59200/100000  (elapsed 2781.9 s)
2026-05-05 15:49:17  INFO          Clone 59400/100000  (elapsed 2791.3 s)
2026-05-05 15:49:26  INFO          Clone 59600/100000  (elapsed 2800.7 s)
2026-05-05 15:49:35  INFO          Clone 59800/100000  (elapsed 2809.9 s)
2026-05-05 15:49:45  INFO          Clone 60000/100000  (elapsed 2819.4 s)
2026-05-05 15:49:54  INFO          Clone 60200/100000  (elapsed 2828.9 s)
2026-05-05 15:50:04  INFO          Clone 60400/100000  (elapsed 2838.5 s)
2026-05-05 15:50:13  INFO          Clone 60600/100000  (elapsed 2847.9 s)
2026-05-05 15:50:22  INFO          Clone 60800/100000  (elapsed 2857.3 s)
2026-05-05 15:50:32  INFO          Clone 61000/100000  (elapsed 2867.0 s)
2026-05-05 15:50:42  INFO          Clone 61200/100000  (elapsed 2876.4 s)
2026-05-05 15:50:51  INFO          Clone 61400/100000  (elapsed 2885.8 s)
2026-05-05 15:51:00  INFO          Clone 61600/100000  (elapsed 2895.1 s)
2026-05-05 15:51:10  INFO          Clone 61800/100000  (elapsed 2904.6 s)
2026-05-05 15:51:19  INFO          Clone 62000/100000  (elapsed 2913.8 s)
2026-05-05 15:51:28  INFO          Clone 62200/100000  (elapsed 2923.1 s)
2026-05-05 15:51:38  INFO          Clone 62400/100000  (elapsed 2932.4 s)
2026-05-05 15:51:47  INFO          Clone 62600/100000  (elapsed 2941.7 s)
2026-05-05 15:51:56  INFO          Clone 62800/100000  (elapsed 2951.1 s)
2026-05-05 15:52:06  INFO          Clone 63000/100000  (elapsed 2960.4 s)
2026-05-05 15:52:15  INFO          Clone 63200/100000  (elapsed 2969.7 s)
2026-05-05 15:52:24  INFO          Clone 63400/100000  (elapsed 2979.1 s)
2026-05-05 15:52:34  INFO          Clone 63600/100000  (elapsed 2988.7 s)
2026-05-05 15:52:43  INFO          Clone 63800/100000  (elapsed 2998.0 s)
2026-05-05 15:52:52  INFO          Clone 64000/100000  (elapsed 3007.3 s)
2026-05-05 15:53:02  INFO          Clone 64200/100000  (elapsed 3016.6 s)
2026-05-05 15:53:11  INFO          Clone 64400/100000  (elapsed 3025.9 s)
2026-05-05 15:53:20  INFO          Clone 64600/100000  (elapsed 3035.2 s)
2026-05-05 15:53:30  INFO          Clone 64800/100000  (elapsed 3044.6 s)
2026-05-05 15:53:39  INFO          Clone 65000/100000  (elapsed 3053.9 s)
2026-05-05 15:53:48  INFO          Clone 65200/100000  (elapsed 3063.1 s)
2026-05-05 15:53:58  INFO          Clone 65400/100000  (elapsed 3072.5 s)
2026-05-05 15:54:07  INFO          Clone 65600/100000  (elapsed 3082.0 s)
2026-05-05 15:54:16  INFO          Clone 65800/100000  (elapsed 3091.3 s)
2026-05-05 15:54:26  INFO          Clone 66000/100000  (elapsed 3100.7 s)
2026-05-05 15:54:36  INFO          Clone 66200/100000  (elapsed 3110.3 s)
2026-05-05 15:54:45  INFO          Clone 66400/100000  (elapsed 3119.7 s)
2026-05-05 15:54:54  INFO          Clone 66600/100000  (elapsed 3129.0 s)
2026-05-05 15:55:04  INFO          Clone 66800/100000  (elapsed 3138.5 s)
2026-05-05 15:55:13  INFO          Clone 67000/100000  (elapsed 3147.7 s)
2026-05-05 15:55:22  INFO          Clone 67200/100000  (elapsed 3156.9 s)
2026-05-05 15:55:31  INFO          Clone 67400/100000  (elapsed 3166.2 s)
2026-05-05 15:55:41  INFO          Clone 67600/100000  (elapsed 3175.5 s)
2026-05-05 15:55:50  INFO          Clone 67800/100000  (elapsed 3184.8 s)
2026-05-05 15:55:59  INFO          Clone 68000/100000  (elapsed 3194.1 s)
2026-05-05 15:56:09  INFO          Clone 68200/100000  (elapsed 3203.4 s)
2026-05-05 15:56:18  INFO          Clone 68400/100000  (elapsed 3212.6 s)
2026-05-05 15:56:27  INFO          Clone 68600/100000  (elapsed 3221.9 s)
2026-05-05 15:56:36  INFO          Clone 68800/100000  (elapsed 3231.3 s)
2026-05-05 15:56:46  INFO          Clone 69000/100000  (elapsed 3241.0 s)
2026-05-05 15:56:55  INFO          Clone 69200/100000  (elapsed 3250.2 s)
2026-05-05 15:57:05  INFO          Clone 69400/100000  (elapsed 3259.4 s)
2026-05-05 15:57:14  INFO          Clone 69600/100000  (elapsed 3268.8 s)
2026-05-05 15:57:24  INFO          Clone 69800/100000  (elapsed 3278.4 s)
2026-05-05 15:57:33  INFO          Clone 70000/100000  (elapsed 3287.9 s)
2026-05-05 15:57:42  INFO          Clone 70200/100000  (elapsed 3297.1 s)
2026-05-05 15:57:52  INFO          Clone 70400/100000  (elapsed 3306.4 s)
2026-05-05 15:58:01  INFO          Clone 70600/100000  (elapsed 3315.9 s)
2026-05-05 15:58:10  INFO          Clone 70800/100000  (elapsed 3325.2 s)
2026-05-05 15:58:20  INFO          Clone 71000/100000  (elapsed 3334.4 s)
2026-05-05 15:58:29  INFO          Clone 71200/100000  (elapsed 3343.7 s)
2026-05-05 15:58:38  INFO          Clone 71400/100000  (elapsed 3352.9 s)
2026-05-05 15:58:48  INFO          Clone 71600/100000  (elapsed 3362.4 s)
2026-05-05 15:58:57  INFO          Clone 71800/100000  (elapsed 3371.7 s)
2026-05-05 15:59:06  INFO          Clone 72000/100000  (elapsed 3381.0 s)
2026-05-05 15:59:15  INFO          Clone 72200/100000  (elapsed 3390.3 s)
2026-05-05 15:59:25  INFO          Clone 72400/100000  (elapsed 3399.5 s)
2026-05-05 15:59:34  INFO          Clone 72600/100000  (elapsed 3408.8 s)
2026-05-05 15:59:43  INFO          Clone 72800/100000  (elapsed 3418.1 s)
2026-05-05 15:59:53  INFO          Clone 73000/100000  (elapsed 3427.4 s)
2026-05-05 16:00:02  INFO          Clone 73200/100000  (elapsed 3436.8 s)
2026-05-05 16:00:11  INFO          Clone 73400/100000  (elapsed 3446.0 s)
2026-05-05 16:00:20  INFO          Clone 73600/100000  (elapsed 3455.3 s)
2026-05-05 16:00:30  INFO          Clone 73800/100000  (elapsed 3464.6 s)
2026-05-05 16:00:39  INFO          Clone 74000/100000  (elapsed 3473.9 s)
2026-05-05 16:00:49  INFO          Clone 74200/100000  (elapsed 3483.7 s)
2026-05-05 16:00:58  INFO          Clone 74400/100000  (elapsed 3493.0 s)
2026-05-05 16:01:08  INFO          Clone 74600/100000  (elapsed 3502.5 s)
2026-05-05 16:01:17  INFO          Clone 74800/100000  (elapsed 3511.8 s)
2026-05-05 16:01:26  INFO          Clone 75000/100000  (elapsed 3521.1 s)
2026-05-05 16:01:36  INFO          Clone 75200/100000  (elapsed 3530.4 s)
2026-05-05 16:01:45  INFO          Clone 75400/100000  (elapsed 3539.7 s)
2026-05-05 16:01:54  INFO          Clone 75600/100000  (elapsed 3548.9 s)
2026-05-05 16:02:04  INFO          Clone 75800/100000  (elapsed 3558.6 s)
2026-05-05 16:02:13  INFO          Clone 76000/100000  (elapsed 3568.0 s)
2026-05-05 16:02:23  INFO          Clone 76200/100000  (elapsed 3577.4 s)
2026-05-05 16:02:32  INFO          Clone 76400/100000  (elapsed 3586.7 s)
2026-05-05 16:02:41  INFO          Clone 76600/100000  (elapsed 3596.1 s)
2026-05-05 16:02:51  INFO          Clone 76800/100000  (elapsed 3605.7 s)
2026-05-05 16:03:00  INFO          Clone 77000/100000  (elapsed 3615.2 s)
2026-05-05 16:03:10  INFO          Clone 77200/100000  (elapsed 3624.8 s)
2026-05-05 16:03:19  INFO          Clone 77400/100000  (elapsed 3634.1 s)
2026-05-05 16:03:29  INFO          Clone 77600/100000  (elapsed 3643.4 s)
2026-05-05 16:03:38  INFO          Clone 77800/100000  (elapsed 3652.7 s)
2026-05-05 16:03:47  INFO          Clone 78000/100000  (elapsed 3662.1 s)
2026-05-05 16:03:57  INFO          Clone 78200/100000  (elapsed 3671.4 s)
2026-05-05 16:04:06  INFO          Clone 78400/100000  (elapsed 3680.7 s)
2026-05-05 16:04:15  INFO          Clone 78600/100000  (elapsed 3690.0 s)
2026-05-05 16:04:25  INFO          Clone 78800/100000  (elapsed 3699.3 s)
2026-05-05 16:04:34  INFO          Clone 79000/100000  (elapsed 3708.7 s)
2026-05-05 16:04:43  INFO          Clone 79200/100000  (elapsed 3718.0 s)
2026-05-05 16:04:53  INFO          Clone 79400/100000  (elapsed 3727.5 s)
2026-05-05 16:05:02  INFO          Clone 79600/100000  (elapsed 3737.2 s)
2026-05-05 16:05:12  INFO          Clone 79800/100000  (elapsed 3746.5 s)
2026-05-05 16:05:21  INFO          Clone 80000/100000  (elapsed 3756.0 s)
2026-05-05 16:05:31  INFO          Clone 80200/100000  (elapsed 3765.4 s)
2026-05-05 16:05:40  INFO          Clone 80400/100000  (elapsed 3774.8 s)
2026-05-05 16:05:49  INFO          Clone 80600/100000  (elapsed 3784.1 s)
2026-05-05 16:05:59  INFO          Clone 80800/100000  (elapsed 3793.5 s)
2026-05-05 16:06:08  INFO          Clone 81000/100000  (elapsed 3802.8 s)
2026-05-05 16:06:17  INFO          Clone 81200/100000  (elapsed 3812.2 s)
2026-05-05 16:06:27  INFO          Clone 81400/100000  (elapsed 3821.5 s)
2026-05-05 16:06:36  INFO          Clone 81600/100000  (elapsed 3830.9 s)
2026-05-05 16:06:46  INFO          Clone 81800/100000  (elapsed 3840.3 s)
2026-05-05 16:06:55  INFO          Clone 82000/100000  (elapsed 3849.8 s)
2026-05-05 16:07:05  INFO          Clone 82200/100000  (elapsed 3859.6 s)
2026-05-05 16:07:14  INFO          Clone 82400/100000  (elapsed 3868.9 s)
2026-05-05 16:07:23  INFO          Clone 82600/100000  (elapsed 3878.2 s)
2026-05-05 16:07:33  INFO          Clone 82800/100000  (elapsed 3887.5 s)
2026-05-05 16:07:42  INFO          Clone 83000/100000  (elapsed 3897.0 s)
2026-05-05 16:07:52  INFO          Clone 83200/100000  (elapsed 3906.6 s)
2026-05-05 16:08:01  INFO          Clone 83400/100000  (elapsed 3916.2 s)
2026-05-05 16:08:11  INFO          Clone 83600/100000  (elapsed 3925.9 s)
2026-05-05 16:08:21  INFO          Clone 83800/100000  (elapsed 3935.5 s)
2026-05-05 16:08:30  INFO          Clone 84000/100000  (elapsed 3944.7 s)
2026-05-05 16:08:39  INFO          Clone 84200/100000  (elapsed 3954.1 s)
2026-05-05 16:08:49  INFO          Clone 84400/100000  (elapsed 3963.4 s)
2026-05-05 16:08:58  INFO          Clone 84600/100000  (elapsed 3972.7 s)
2026-05-05 16:09:07  INFO          Clone 84800/100000  (elapsed 3982.3 s)
2026-05-05 16:09:17  INFO          Clone 85000/100000  (elapsed 3991.6 s)
2026-05-05 16:09:26  INFO          Clone 85200/100000  (elapsed 4001.1 s)
2026-05-05 16:09:36  INFO          Clone 85400/100000  (elapsed 4010.4 s)
2026-05-05 16:09:45  INFO          Clone 85600/100000  (elapsed 4019.7 s)
2026-05-05 16:09:54  INFO          Clone 85800/100000  (elapsed 4029.1 s)
2026-05-05 16:10:04  INFO          Clone 86000/100000  (elapsed 4038.9 s)
2026-05-05 16:10:13  INFO          Clone 86200/100000  (elapsed 4048.2 s)
2026-05-05 16:10:23  INFO          Clone 86400/100000  (elapsed 4057.5 s)
2026-05-05 16:10:32  INFO          Clone 86600/100000  (elapsed 4067.2 s)
2026-05-05 16:10:42  INFO          Clone 86800/100000  (elapsed 4076.5 s)
2026-05-05 16:10:51  INFO          Clone 87000/100000  (elapsed 4085.9 s)
2026-05-05 16:11:00  INFO          Clone 87200/100000  (elapsed 4095.3 s)
2026-05-05 16:11:10  INFO          Clone 87400/100000  (elapsed 4105.1 s)
2026-05-05 16:11:20  INFO          Clone 87600/100000  (elapsed 4114.4 s)
2026-05-05 16:11:29  INFO          Clone 87800/100000  (elapsed 4123.7 s)
2026-05-05 16:11:39  INFO          Clone 88000/100000  (elapsed 4133.3 s)
2026-05-05 16:11:48  INFO          Clone 88200/100000  (elapsed 4143.0 s)
2026-05-05 16:11:58  INFO          Clone 88400/100000  (elapsed 4152.6 s)
2026-05-05 16:12:07  INFO          Clone 88600/100000  (elapsed 4162.3 s)
2026-05-05 16:12:17  INFO          Clone 88800/100000  (elapsed 4171.8 s)
2026-05-05 16:12:27  INFO          Clone 89000/100000  (elapsed 4181.4 s)
2026-05-05 16:12:36  INFO          Clone 89200/100000  (elapsed 4190.7 s)
2026-05-05 16:12:45  INFO          Clone 89400/100000  (elapsed 4200.1 s)
2026-05-05 16:12:55  INFO          Clone 89600/100000  (elapsed 4209.4 s)
2026-05-05 16:13:04  INFO          Clone 89800/100000  (elapsed 4219.0 s)
2026-05-05 16:13:14  INFO          Clone 90000/100000  (elapsed 4228.7 s)
2026-05-05 16:13:23  INFO          Clone 90200/100000  (elapsed 4238.1 s)
2026-05-05 16:13:33  INFO          Clone 90400/100000  (elapsed 4247.4 s)
2026-05-05 16:13:42  INFO          Clone 90600/100000  (elapsed 4256.8 s)
2026-05-05 16:13:51  INFO          Clone 90800/100000  (elapsed 4266.1 s)
2026-05-05 16:14:01  INFO          Clone 91000/100000  (elapsed 4275.5 s)
2026-05-05 16:14:10  INFO          Clone 91200/100000  (elapsed 4284.9 s)
2026-05-05 16:14:19  INFO          Clone 91400/100000  (elapsed 4294.2 s)
2026-05-05 16:14:29  INFO          Clone 91600/100000  (elapsed 4303.6 s)
2026-05-05 16:14:38  INFO          Clone 91800/100000  (elapsed 4312.9 s)
2026-05-05 16:14:47  INFO          Clone 92000/100000  (elapsed 4322.3 s)
2026-05-05 16:14:57  INFO          Clone 92200/100000  (elapsed 4331.6 s)
2026-05-05 16:15:06  INFO          Clone 92400/100000  (elapsed 4341.2 s)
2026-05-05 16:15:16  INFO          Clone 92600/100000  (elapsed 4350.8 s)
2026-05-05 16:15:25  INFO          Clone 92800/100000  (elapsed 4360.2 s)
2026-05-05 16:15:35  INFO          Clone 93000/100000  (elapsed 4369.5 s)
2026-05-05 16:15:44  INFO          Clone 93200/100000  (elapsed 4378.9 s)
2026-05-05 16:15:53  INFO          Clone 93400/100000  (elapsed 4388.3 s)
2026-05-05 16:16:03  INFO          Clone 93600/100000  (elapsed 4397.8 s)
2026-05-05 16:16:12  INFO          Clone 93800/100000  (elapsed 4407.1 s)
2026-05-05 16:16:22  INFO          Clone 94000/100000  (elapsed 4416.5 s)
2026-05-05 16:16:31  INFO          Clone 94200/100000  (elapsed 4425.8 s)
2026-05-05 16:16:40  INFO          Clone 94400/100000  (elapsed 4435.3 s)
2026-05-05 16:16:50  INFO          Clone 94600/100000  (elapsed 4444.8 s)
2026-05-05 16:17:00  INFO          Clone 94800/100000  (elapsed 4454.6 s)
2026-05-05 16:17:09  INFO          Clone 95000/100000  (elapsed 4464.1 s)
2026-05-05 16:17:19  INFO          Clone 95200/100000  (elapsed 4473.9 s)
2026-05-05 16:17:29  INFO          Clone 95400/100000  (elapsed 4483.4 s)
2026-05-05 16:17:38  INFO          Clone 95600/100000  (elapsed 4492.8 s)
2026-05-05 16:17:47  INFO          Clone 95800/100000  (elapsed 4502.3 s)
2026-05-05 16:17:57  INFO          Clone 96000/100000  (elapsed 4511.7 s)
2026-05-05 16:18:07  INFO          Clone 96200/100000  (elapsed 4521.6 s)
2026-05-05 16:18:16  INFO          Clone 96400/100000  (elapsed 4531.3 s)
2026-05-05 16:18:26  INFO          Clone 96600/100000  (elapsed 4540.8 s)
2026-05-05 16:18:36  INFO          Clone 96800/100000  (elapsed 4550.5 s)
2026-05-05 16:18:45  INFO          Clone 97000/100000  (elapsed 4560.0 s)
2026-05-05 16:18:55  INFO          Clone 97200/100000  (elapsed 4569.5 s)
2026-05-05 16:19:04  INFO          Clone 97400/100000  (elapsed 4579.2 s)
2026-05-05 16:19:14  INFO          Clone 97600/100000  (elapsed 4589.0 s)
2026-05-05 16:19:24  INFO          Clone 97800/100000  (elapsed 4598.7 s)
2026-05-05 16:19:33  INFO          Clone 98000/100000  (elapsed 4608.3 s)
2026-05-05 16:19:43  INFO          Clone 98200/100000  (elapsed 4617.7 s)
2026-05-05 16:19:52  INFO          Clone 98400/100000  (elapsed 4626.9 s)
2026-05-05 16:20:01  INFO          Clone 98600/100000  (elapsed 4636.3 s)
2026-05-05 16:20:11  INFO          Clone 98800/100000  (elapsed 4645.9 s)
2026-05-05 16:20:20  INFO          Clone 99000/100000  (elapsed 4655.2 s)
2026-05-05 16:20:30  INFO          Clone 99200/100000  (elapsed 4664.5 s)
2026-05-05 16:20:39  INFO          Clone 99400/100000  (elapsed 4673.8 s)
2026-05-05 16:20:48  INFO          Clone 99600/100000  (elapsed 4683.1 s)
2026-05-05 16:20:58  INFO          Clone 99800/100000  (elapsed 4692.5 s)
2026-05-05 16:21:07  INFO        Done. 100000/100000 succeeded  (0 failed)
2026-05-05 16:21:07  INFO        Step 4 completed in 4701.78 s
2026-05-05 16:21:07  INFO      ----------------------------------------------------------------------
2026-05-05 16:21:07  INFO      STEP 5 — Defining blast geometry in RTN frame
2026-05-05 16:21:07  INFO        T_hat (RTN)  : [-0.48229237  0.85917108  0.17093601]
2026-05-05 16:21:07  INFO        Blast point  : [1.98566514 1.01885165 0.48148589] AU  (-T direction)
2026-05-05 16:21:07  INFO        Burst dist   : 1175.0 m  (= 75 m surface + 1100 m standoff)
2026-05-05 16:21:07  INFO      ----------------------------------------------------------------------
2026-05-05 16:21:07  INFO      STEP 6 — Sampling uncertainty sources 1–8 and computing per-clone ΔV
2026-05-05 16:21:07  INFO        Nominal ΔV (solid-angle f_geo=0.005142) : 0.27094 m/s  (270.9370 mm/s)
2026-05-05 16:21:07  INFO        Comparison — legacy sphere f_geo=0.001020 would give : 0.05373 m/s
2026-05-05 16:21:07  INFO        Sampled distributions (mean ± std):
2026-05-05 16:21:07  INFO          Mass [kg]       : 4.007e+09 ± 9.921e+08  (24.8%)
2026-05-05 16:21:07  INFO          Diameter [m]    : 150 ± 2.957  (2.0%)
2026-05-05 16:21:07  INFO          Yield [MT]      : 1.006 ± 0.07959  (7.9%)
2026-05-05 16:21:07  INFO          Standoff [m]    : 1101 ± 53.46  (4.9%)
2026-05-05 16:21:07  INFO          Eta             : 0.05017 ± 0.01469  (29.3%)
2026-05-05 16:21:07  INFO          v_ej [m/s]      : 1995 ± 549.4  (27.5%)
2026-05-05 16:21:07  INFO          b [m]           : 119.1 ± 4.997  (4.2%)
2026-05-05 16:21:07  INFO          c [m]           : 238.3 ± 8.02  (3.4%)
2026-05-05 16:21:07  INFO          r_burst [m]     : 1176 ± 53.49  (4.5%)
2026-05-05 16:21:07  INFO          Ω [sr]          : 0.06489 ± 0.006751  (10.4%)
2026-05-05 16:21:07  INFO          f_geo           : 0.005164 ± 0.0005372  (10.4%)
2026-05-05 16:21:12  INFO        ΔV stats across clones (N_valid=100000):
2026-05-05 16:21:12  INFO          mean   : 315.9535 mm/s
2026-05-05 16:21:12  INFO          std    : 170.4671 mm/s  (54.0%)
2026-05-05 16:21:12  INFO          5th %  : 117.3582 mm/s
2026-05-05 16:21:12  INFO          95th % : 643.0442 mm/s
2026-05-05 16:21:12  INFO          nominal: 270.9370 mm/s
2026-05-05 16:21:12  INFO        Step 6 completed in 4.75 s
2026-05-05 16:21:12  INFO      ----------------------------------------------------------------------
2026-05-05 16:21:12  INFO      STEP 7 — Applying ΔV to each clone velocity at t_blast
2026-05-05 16:21:12  INFO        Built 100000 deflected and 100000 undeflected initial conditions
2026-05-05 16:21:12  INFO        Step 7 completed in 0.23 s
2026-05-05 16:21:12  INFO      ----------------------------------------------------------------------
2026-05-05 16:21:12  INFO      STEP 8 — Propagating both clouds to impact epoch
2026-05-05 16:21:12  INFO        Propagating UNDEFLECTED clones ...
2026-05-05 16:31:45  INFO        Propagating DEFLECTED clones ...
2026-05-05 16:39:03  INFO        Undeflected — CA: 100000  impacts: 100000
2026-05-05 16:39:03  INFO        Deflected   — CA: 72659  impacts: 0
2026-05-05 16:39:03  INFO        Step 8 completed in 1071.10 s
2026-05-05 16:39:03  INFO      ----------------------------------------------------------------------
2026-05-05 16:39:03  INFO      STEP 9 — Saving outputs and generating plots
2026-05-05 16:39:04  INFO        Saved: ./data/bplane_undeflected.json  (100000 entries)
2026-05-05 16:39:04  INFO        Saved: ./data/bplane_deflected.json  (72659 entries)
2026-05-05 16:39:05  INFO        Plot saved → ./data/bplane_overlay.png
2026-05-05 16:39:05  INFO        Step 9 completed in 2.20 s
2026-05-05 16:39:05  INFO      
2026-05-05 16:39:05  INFO      ======================================================================
2026-05-05 16:39:05  INFO      DEFLECTION SUMMARY
2026-05-05 16:39:05  INFO      ======================================================================
2026-05-05 16:39:05  INFO        Blast date             : 2033-11-01
2026-05-05 16:39:05  INFO        Lead time              : 2732 days  (7.48 yr)
2026-05-05 16:39:05  INFO        Nominal yield          : 1.0 MT
2026-05-05 16:39:05  INFO        Nominal standoff       : 1100 m
2026-05-05 16:39:05  INFO        Nominal η_ablation     : 0.05
2026-05-05 16:39:05  INFO        Nominal v_ejecta       : 2000 m/s
2026-05-05 16:39:05  INFO        ── Solid Angle ─────────────────────────────────────────────────
2026-05-05 16:39:05  INFO        Shape source           : ./data/pdc-25-epoch2-ellipse-subset.csv  (5000 rows)
2026-05-05 16:39:05  INFO        Ω (nominal shape, nom. burst) : 0.06461 sr
2026-05-05 16:39:05  INFO        f_geo (solid angle)    : 0.005142
2026-05-05 16:39:05  INFO        f_geo (sphere, legacy) : 0.001020  (5.04× larger)
2026-05-05 16:39:05  INFO        Ω total (shape+dist.)  : 0.005164 ± 0.000537  (10.4%)
2026-05-05 16:39:05  INFO        ── ΔV ──────────────────────────────────────────────────────────
2026-05-05 16:39:05  INFO        Nominal ΔV             : 270.9370 mm/s
2026-05-05 16:39:05  INFO        Mean ΔV  (MC)          : 315.9535 mm/s
2026-05-05 16:39:05  INFO        Std  ΔV  (MC)          : 170.4671 mm/s  (54.0%)
2026-05-05 16:39:05  INFO        90% CI ΔV              : [117.3582, 643.0442] mm/s
2026-05-05 16:39:05  INFO        Δb (centroid shift)    : 17.7259 R⊕
2026-05-05 16:39:05  INFO        Clones ≤ 1R⊕ (undefl.) : 100000/100000  (100.0%)
2026-05-05 16:39:05  INFO        Clones ≤ 1R⊕ (defl.)   : 0/72659  (0.0%)
2026-05-05 16:39:05  INFO      ======================================================================
2026-05-05 16:39:05  INFO      Total pipeline wall time: 5780.3 s
2026-05-05 16:39:05  INFO      Log written to: /scratch/njangid2/AE498/data/run.log
