2026-05-05 13:02:14  INFO      ======================================================================
2026-05-05 13:02:14  INFO      Nuclear Standoff Deflection MC Pipeline  v2b (live solid angle + extended propagation)
2026-05-05 13:02:14  INFO      ======================================================================
2026-05-05 13:02:14  INFO      Configuration:
2026-05-05 13:02:14  INFO        NUM_SAMPLES=100000  NUM_THREADS=64  RANDOM_SEED=42
2026-05-05 13:02:14  INFO        T_BLAST=2033-11-01  T_END=2041-04-25  EXTENDED_DAYS=30000
2026-05-05 13:02:14  INFO        Y_MT=1.00  H_STANDOFF=1100 m  ETA=0.050  V_EJ=2000 m/s
2026-05-05 13:02:14  INFO      ----------------------------------------------------------------------
2026-05-05 13:02:14  INFO      STEP 1 — Loading physical-property MC (ellipsoid shape realizations)
2026-05-05 13:02:14  INFO        CSV rows           : 5000
2026-05-05 13:02:14  INFO        Mean semi-axes     : a=119.1 m  b=119.1 m  c=238.4 m
2026-05-05 13:02:14  INFO        r_burst (nominal)  : 1175.0 m
2026-05-05 13:02:14  INFO        Ω (nominal shape)  : 0.06461 sr
2026-05-05 13:02:14  INFO        Ω dist (CSV)       : mean=0.06460  std=0.00332  (5.1%)
2026-05-05 13:02:14  INFO        f_geo (solid angle): 0.005142
2026-05-05 13:02:14  INFO        f_geo (sphere leg.): 0.001020  → solid-angle is 5.04× larger
2026-05-05 13:02:14  INFO        Ω vs surface distance (broadside, LOS ∥ a-axis):
2026-05-05 13:02:14  INFO         d_surf [km]   mean Ω [sr]    5th %ile   95th %ile
2026-05-05 13:02:14  INFO                 0.5       0.23281     0.21065     0.25663
2026-05-05 13:02:14  INFO                 1.0       0.07123     0.06496     0.07808
2026-05-05 13:02:14  INFO                 2.0       0.01986     0.01818     0.02171
2026-05-05 13:02:14  INFO                 5.0       0.00340     0.00312     0.00371
2026-05-05 13:02:14  INFO                10.0       0.00087     0.00080     0.00095
2026-05-05 13:02:14  INFO        Step 1 completed in 0.02 s
2026-05-05 13:02:14  INFO      ----------------------------------------------------------------------
2026-05-05 13:02:14  INFO      STEP 2 — Loading OD solution and covariance
2026-05-05 13:02:14  INFO        OD epoch        : MJD 61002.00
2026-05-05 13:02:14  INFO        Blast date      : 2033-11-01  (MJD 63902.00)
2026-05-05 13:02:14  INFO        Nominal impact  : 2041-04-25  (MJD 66634.00)
2026-05-05 13:02:14  INFO        Extended end    : MJD 96634.00  (+30000 days, ~82 yr past impact)
2026-05-05 13:02:14  INFO        Covariance matrix shape: (7, 7)
2026-05-05 13:02:14  INFO        Step 2 completed in 0.00 s
2026-05-05 13:02:14  INFO      ----------------------------------------------------------------------
2026-05-05 13:02:14  INFO      STEP 3 — Sampling 100000 orbital clones from OD covariance
2026-05-05 13:02:14  INFO        Elements sampled : ['e', 'q', 'tp', 'om', 'w', 'i', 'a2']
2026-05-05 13:02:14  INFO        Sample array shape: (100000, 7)
2026-05-05 13:02:14  INFO        Step 3 completed in 0.16 s
2026-05-05 13:02:14  INFO      ----------------------------------------------------------------------
2026-05-05 13:02:14  INFO      STEP 4 — Propagating 100000 clones to blast epoch
2026-05-05 13:02:14  INFO        Computing nominal state at t_blast ...
2026-05-05 13:02:14  INFO        Nominal pos at blast: [1.98566514 1.01885165 0.48148589] AU
2026-05-05 13:02:14  INFO        Computing 100000 clone states ...
2026-05-05 13:02:14  INFO          Clone 0/100000  (elapsed 0.1 s)
2026-05-05 13:09:40  INFO          Clone 10000/100000  (elapsed 445.9 s)
2026-05-05 13:17:04  INFO          Clone 20000/100000  (elapsed 890.0 s)
2026-05-05 13:24:28  INFO          Clone 30000/100000  (elapsed 1333.3 s)
2026-05-05 13:31:50  INFO          Clone 40000/100000  (elapsed 1775.4 s)
2026-05-05 13:39:07  INFO          Clone 50000/100000  (elapsed 2213.0 s)
2026-05-05 13:46:25  INFO          Clone 60000/100000  (elapsed 2651.1 s)
2026-05-05 13:53:40  INFO          Clone 70000/100000  (elapsed 3086.1 s)
2026-05-05 14:00:57  INFO          Clone 80000/100000  (elapsed 3522.9 s)
2026-05-05 14:08:17  INFO          Clone 90000/100000  (elapsed 3962.4 s)
2026-05-05 14:15:36  INFO        Done. 100000/100000 succeeded  (0 failed)
2026-05-05 14:15:36  INFO        Step 4 completed in 4401.95 s
2026-05-05 14:15:36  INFO      ----------------------------------------------------------------------
2026-05-05 14:15:36  INFO      STEP 5 — Defining blast geometry in RTN frame
2026-05-05 14:15:36  INFO        T_hat (RTN)  : [-0.48229237  0.85917108  0.17093601]
2026-05-05 14:15:36  INFO        Blast point  : [1.98566514 1.01885165 0.48148589] AU  (-T direction)
2026-05-05 14:15:36  INFO        Burst dist   : 1175.0 m  (= 75 m surface + 1100 m standoff)
2026-05-05 14:15:36  INFO      ----------------------------------------------------------------------
2026-05-05 14:15:36  INFO      STEP 6 — Sampling uncertainty sources 1–8 and computing per-clone ΔV
2026-05-05 14:15:36  INFO        Nominal ΔV (solid-angle f_geo=0.005142) : 0.27094 m/s  (270.9370 mm/s)
2026-05-05 14:15:36  INFO        Comparison — legacy sphere f_geo=0.001020 would give : 0.05373 m/s
2026-05-05 14:15:36  INFO        Sampled distributions (mean ± std):
2026-05-05 14:15:36  INFO          Mass [kg]       : 4.007e+09 ± 9.921e+08  (24.8%)
2026-05-05 14:15:36  INFO          Diameter [m]    : 150 ± 2.957  (2.0%)
2026-05-05 14:15:36  INFO          Yield [MT]      : 1.006 ± 0.07959  (7.9%)
2026-05-05 14:15:36  INFO          Standoff [m]    : 1101 ± 53.46  (4.9%)
2026-05-05 14:15:36  INFO          Eta             : 0.05017 ± 0.01469  (29.3%)
2026-05-05 14:15:36  INFO          v_ej [m/s]      : 1995 ± 549.4  (27.5%)
2026-05-05 14:15:36  INFO          b [m]           : 119.1 ± 4.997  (4.2%)
2026-05-05 14:15:36  INFO          c [m]           : 238.3 ± 8.02  (3.4%)
2026-05-05 14:15:36  INFO          r_burst [m]     : 1176 ± 53.49  (4.5%)
2026-05-05 14:15:36  INFO          Ω [sr]          : 0.06489 ± 0.006751  (10.4%)
2026-05-05 14:15:36  INFO          f_geo           : 0.005164 ± 0.0005372  (10.4%)
2026-05-05 14:15:40  INFO        ΔV stats across clones (N_valid=100000):
2026-05-05 14:15:40  INFO          mean   : 315.9535 mm/s
2026-05-05 14:15:40  INFO          std    : 170.4671 mm/s  (54.0%)
2026-05-05 14:15:40  INFO          5th %  : 117.3582 mm/s
2026-05-05 14:15:40  INFO          95th % : 643.0442 mm/s
2026-05-05 14:15:40  INFO          nominal: 270.9370 mm/s
2026-05-05 14:15:40  INFO        Step 6 completed in 3.97 s
2026-05-05 14:15:40  INFO      ----------------------------------------------------------------------
2026-05-05 14:15:40  INFO      STEP 7 — Applying ΔV to each clone velocity at t_blast
2026-05-05 14:15:40  INFO        Built 100000 deflected and 100000 undeflected initial conditions
2026-05-05 14:15:40  INFO        Step 7 completed in 0.20 s
2026-05-05 14:15:40  INFO      ----------------------------------------------------------------------
2026-05-05 14:15:40  INFO      STEP 8 — Propagating both clouds to extended epoch
2026-05-05 14:15:40  INFO        t_end_extended = MJD 96634  (+30000 days, ~82 yr past nominal impact)
2026-05-05 14:15:40  INFO        Propagating UNDEFLECTED clones ...
2026-05-05 14:54:10  INFO        Propagating DEFLECTED clones ...
2026-05-05 15:30:19  INFO        Undeflected — CA: 100000  impacts: 100000  neither: 0
2026-05-05 15:30:19  INFO        Deflected   — CA: 100000  impacts: 2  neither: 0
2026-05-05 15:30:19  INFO        Step 8 completed in 4478.26 s
2026-05-05 15:30:19  INFO      ----------------------------------------------------------------------
2026-05-05 15:30:19  INFO      STEP 9 — Saving outputs and generating plots
2026-05-05 15:30:20  INFO        Saved: ./data/bplane_undeflected_1.json  (100000 entries)
2026-05-05 15:30:20  INFO        Saved: ./data/bplane_deflected_1.json  (100000 entries)
2026-05-05 15:30:21  INFO        Plot saved → ./data/bplane_overlay_1.png
2026-05-05 15:30:21  INFO        Step 9 completed in 2.22 s
2026-05-05 15:30:21  INFO      
2026-05-05 15:30:21  INFO      ======================================================================
2026-05-05 15:30:21  INFO      DEFLECTION SUMMARY
2026-05-05 15:30:21  INFO      ======================================================================
2026-05-05 15:30:21  INFO        Blast date             : 2033-11-01
2026-05-05 15:30:21  INFO        Lead time              : 2732 days  (7.48 yr)
2026-05-05 15:30:21  INFO        Propagation window     : +30000 days past impact  (~82 yr)
2026-05-05 15:30:21  INFO        Nominal yield          : 1.0 MT
2026-05-05 15:30:21  INFO        Nominal standoff       : 1100 m
2026-05-05 15:30:21  INFO        Nominal η_ablation     : 0.05  (S-type silicaceous)
2026-05-05 15:30:21  INFO        Nominal v_ejecta       : 2000 m/s
2026-05-05 15:30:21  INFO        ── Solid Angle ─────────────────────────────────────────────────
2026-05-05 15:30:21  INFO        Shape source           : ./data/pdc-25-epoch2-ellipse-subset.csv  (5000 rows)
2026-05-05 15:30:21  INFO        Mean semi-axes         : a=119.1 m  b=119.1 m  c=238.4 m
2026-05-05 15:30:21  INFO        Ω (nominal shape)      : 0.06461 sr
2026-05-05 15:30:21  INFO        f_geo (solid angle)    : 0.005142
2026-05-05 15:30:21  INFO        f_geo (sphere, legacy) : 0.001020  (5.04× larger)
2026-05-05 15:30:21  INFO        f_geo MC (all clones)  : 0.005164 ± 0.000537  (10.4%)
2026-05-05 15:30:21  INFO        ── ΔV ──────────────────────────────────────────────────────────
2026-05-05 15:30:21  INFO        Nominal ΔV             : 270.9370 mm/s
2026-05-05 15:30:21  INFO        Mean ΔV  (MC)          : 315.9535 mm/s
2026-05-05 15:30:21  INFO        Std  ΔV  (MC)          : 170.4671 mm/s  (54.0%)
2026-05-05 15:30:21  INFO        90% CI ΔV              : [117.3582, 643.0442] mm/s
2026-05-05 15:30:21  INFO        ── B-plane ─────────────────────────────────────────────────────
2026-05-05 15:30:21  INFO        B-plane found          : undefl. 100000/100000  defl. 100000/100000
2026-05-05 15:30:21  INFO        Δb (centroid shift)    : 23.0950 R⊕
2026-05-05 15:30:21  INFO        Clones ≤ 1R⊕ (undefl.) : 100000/100000  (100.0%)
2026-05-05 15:30:21  INFO        Clones ≤ 1R⊕ (defl.)   : 1/100000  (0.0%)
2026-05-05 15:30:21  INFO      ======================================================================
2026-05-05 15:30:21  INFO      
2026-05-05 15:30:21  INFO      ==============================================================================
2026-05-05 15:30:21  INFO      ALL CLONES — COMPLETE EARTH ENCOUNTER SUMMARY
2026-05-05 15:30:21  INFO      ==============================================================================
2026-05-05 15:31:01  INFO        UNDEFLECTED:
2026-05-05 15:31:01  INFO        Total Earth events (all clones) : 200000
2026-05-05 15:31:01  INFO        Clones with ≥1 impact           : 100000/100000
2026-05-05 15:31:01  INFO        Clones with only misses         : 0/100000
2026-05-05 15:31:01  INFO        Encounter breakdown by year:
2026-05-05 15:31:01  INFO          Year    N clones   Impacts    Mean |b| [R⊕]    Min |b| [R⊕]    Max |b| [R⊕]
2026-05-05 15:31:01  INFO        -------------------------------------------------------------------------
2026-05-05 15:31:01  INFO          2041      200000    200000            0.628           0.577           0.678
2026-05-05 15:31:55  INFO        DEFLECTED:
2026-05-05 15:31:55  INFO        Total Earth events (all clones) : 264258
2026-05-05 15:31:55  INFO        Clones with ≥1 impact           : 2/100000
2026-05-05 15:31:55  INFO        Clones with only misses         : 99998/100000
2026-05-05 15:31:55  INFO        Encounter breakdown by year:
2026-05-05 15:31:55  INFO          Year    N clones   Impacts    Mean |b| [R⊕]    Min |b| [R⊕]    Max |b| [R⊕]
2026-05-05 15:31:55  INFO        -------------------------------------------------------------------------
2026-05-05 15:31:55  INFO          2041      100000         0           24.634           2.641         146.526
2026-05-05 15:31:55  INFO          2044         122         0         1177.280          22.752        2323.350
2026-05-05 15:31:55  INFO          2046        2199         0         1118.934          12.699        2346.994
2026-05-05 15:31:55  INFO          2047          20         0         1987.283         724.009        2307.395
2026-05-05 15:31:55  INFO          2048        4883         0         1147.206           5.776        2347.408
2026-05-05 15:31:55  INFO          2049         356         0         1048.196          84.155        2333.696
2026-05-05 15:31:55  INFO          2050        3851         0         1155.864           5.039        2341.223
2026-05-05 15:31:55  INFO          2051           1         0          195.186         195.186         195.186
2026-05-05 15:31:55  INFO          2052        1496         0         1141.724           3.266        2342.107
2026-05-05 15:31:55  INFO          2053        1929         0         1135.153           2.733        2341.932
2026-05-05 15:31:55  INFO          2054         537         0         1100.215          20.097        2331.578
2026-05-05 15:31:55  INFO          2055         111         0         1119.475          72.466        2287.025
2026-05-05 15:31:55  INFO          2056           3         0         1430.677         755.003        1803.552
2026-05-05 15:31:55  INFO          2057        2453         0         1174.876           5.803        2348.475
2026-05-05 15:31:55  INFO          2058        1149         0         1123.105           9.366        2347.252
2026-05-05 15:31:55  INFO          2059         324         0         1122.263           7.295        2338.406
2026-05-05 15:31:55  INFO          2060        1617         0         1119.372           5.440        2347.967
2026-05-05 15:31:55  INFO          2061        1425         0         1159.702          10.630        2344.380
2026-05-05 15:31:55  INFO          2062         214         0         1178.307          34.661        2334.395
2026-05-05 15:31:55  INFO          2063         718         0         1206.843          45.318        2339.668
2026-05-05 15:31:55  INFO          2064        2061         0         1153.983          21.809        2348.214
2026-05-05 15:31:55  INFO          2065         340         0         1174.036           7.986        2339.923
2026-05-05 15:31:55  INFO          2066        1765         0         1152.860          16.061        2345.692
2026-05-05 15:31:55  INFO          2067        1286         0         1120.558           6.840        2341.254
2026-05-05 15:31:55  INFO          2068         662         0         1148.964           2.956        2335.997
2026-05-05 15:31:55  INFO          2069         311         0         1071.184          64.397        2329.981
2026-05-05 15:31:55  INFO          2070        2048         0         1151.440           4.219        2346.437
2026-05-05 15:31:55  INFO          2071        1464         0         1188.121          32.585        2345.647
2026-05-05 15:31:55  INFO          2072        1985         0         1140.844           6.200        2345.363
2026-05-05 15:31:55  INFO          2073         567         0         1139.560          78.978        2343.516
2026-05-05 15:31:55  INFO          2074        1368         0         1118.849          15.405        2345.947
2026-05-05 15:31:55  INFO          2075        1500         0         1185.462           3.194        2343.671
2026-05-05 15:31:55  INFO          2076         445         0         1115.242          11.163        2337.166
2026-05-05 15:31:55  INFO          2077          90         0         1068.560          53.306        2310.512
2026-05-05 15:31:55  INFO          2078        1975         0         1142.270          13.286        2342.903
2026-05-05 15:31:55  INFO          2079        1360         0         1176.888          15.942        2343.477
2026-05-05 15:31:55  INFO          2080        1924         0         1158.534           7.629        2344.707
2026-05-05 15:31:55  INFO          2081        1014         0         1132.587          19.004        2346.471
2026-05-05 15:31:55  INFO          2082        2419         0         1149.118           8.733        2347.409
2026-05-05 15:31:55  INFO          2083        1074         0         1203.825          15.494        2341.144
2026-05-05 15:31:55  INFO          2084        2405         0         1155.234          16.035        2347.984
2026-05-05 15:31:55  INFO          2085        1355         0         1166.606          28.339        2346.314
2026-05-05 15:31:55  INFO          2086        1233         0         1153.136          19.042        2338.750
2026-05-05 15:31:55  INFO          2087        1274         0         1190.399           5.025        2347.514
2026-05-05 15:31:55  INFO          2088        2602         0         1191.436           3.351        2345.753
2026-05-05 15:31:55  INFO          2089         400         0         1141.495           9.444        2336.215
2026-05-05 15:31:55  INFO          2090        2118         0         1189.121           3.661        2347.113
2026-05-05 15:31:55  INFO          2091        1420         0         1188.299           5.888        2341.879
2026-05-05 15:31:55  INFO          2092        2719         0         1196.846          11.606        2347.118
2026-05-05 15:31:55  INFO          2093        2106         0         1254.464          20.296        2345.600
2026-05-05 15:31:55  INFO          2094        3937         0         1167.648           9.092        2344.998
2026-05-05 15:31:55  INFO          2095        1376         0         1232.714          40.740        2335.551
2026-05-05 15:31:55  INFO          2096        3066         0         1161.625          12.810        2340.494
2026-05-05 15:31:55  INFO          2097        2592         0         1280.723           8.840        2341.667
2026-05-05 15:31:55  INFO          2098        3190         0         1083.088          17.389        2341.221
2026-05-05 15:31:55  INFO          2099        2049         0         1237.148          30.001        2347.095
2026-05-05 15:31:55  INFO          2100        5346         1          949.838           0.827        2347.609
2026-05-05 15:31:55  INFO          2101         521         0         1153.709          22.707        2340.877
2026-05-05 15:31:55  INFO          2102        4524         0          975.102           1.910        2344.571
2026-05-05 15:31:55  INFO          2103        2797         0          730.501          12.626        2346.766
2026-05-05 15:31:55  INFO          2104        1436         0         1058.929          26.706        2345.108
2026-05-05 15:31:55  INFO          2105        2847         0          807.042          19.669        2339.595
2026-05-05 15:31:55  INFO          2106        4858         0         1052.270           4.177        2344.174
2026-05-05 15:31:55  INFO          2107        2378         0          671.675           2.141        2345.225
2026-05-05 15:31:55  INFO          2108        4655         0          755.748           7.672        2343.128
2026-05-05 15:31:55  INFO          2109        2647         0          920.538          12.454        2337.970
2026-05-05 15:31:55  INFO          2110        3453         0          705.424          10.430        2343.683
2026-05-05 15:31:55  INFO          2111        3773         0         1164.689           2.168        2347.304
2026-05-05 15:31:55  INFO          2112        5338         0          612.596           3.358        2339.802
2026-05-05 15:31:55  INFO          2113        3038         0         1000.088          26.671        2342.845
2026-05-05 15:31:55  INFO          2114        4452         0          759.340           2.352        2346.799
2026-05-05 15:31:55  INFO          2115        3747         0          750.147           7.194        2345.519
2026-05-05 15:31:55  INFO          2116        2801         0          788.854           4.778        2346.163
2026-05-05 15:31:55  INFO          2117        3322         0          777.521          11.986        2346.978
2026-05-05 15:31:55  INFO          2118        2761         0          857.766           9.939        2345.691
2026-05-05 15:31:55  INFO          2119        2887         1          985.619           1.706        2342.306
2026-05-05 15:31:55  INFO          2120        5290         0          693.470           5.570        2344.648
2026-05-05 15:31:55  INFO          2121        2172         0         1114.800           9.046        2347.449
2026-05-05 15:31:55  INFO          2122        2543         0          956.592          16.149        2344.813
2026-05-05 15:31:55  INFO          2123        3764         0         1071.225           7.587        2346.144
2026-05-05 15:31:55  INFO      ==============================================================================
2026-05-05 15:31:55  INFO      Total pipeline wall time: 8981.4 s
2026-05-05 15:31:55  INFO      Log written to: /scratch/njangid2/AE498/data/run_1.log
